Compiling the C compiler identification source file "CMakeCCompilerId.c" failed.
Compiler: D:/Microsoft Visual Studio/2019/Community/VC/Tools/Llvm/x64/bin/clang.exe 
Build flags: 
Id flags:  

The output was:
1
clang: error: unable to execute command: program not executable
clang: error: linker command failed with exit code 1 (use -v to see invocation)


Compiling the CXX compiler identification source file "CMakeCXXCompilerId.cpp" failed.
Compiler: D:/Microsoft Visual Studio/2019/Community/VC/Tools/Llvm/x64/bin/clang.exe 
Build flags: 
Id flags:  

The output was:
1
clang: error: unable to execute command: program not executable
clang: error: linker command failed with exit code 1 (use -v to see invocation)


Determining if the include file pthread.h exists failed with the following output:
Change Dir: D:/Github/StonksBot/build/CMakeFiles/CMakeTmp

Run Build Command(s):D:/Github/CykaBlyat-Tools/mingw64/bin/ninja.exe cmTC_71f80 && [1/2] Building C object CMakeFiles/cmTC_71f80.dir/CheckIncludeFile.c.obj
FAILED: CMakeFiles/cmTC_71f80.dir/CheckIncludeFile.c.obj 
"D:\Microsoft Visual Studio\2019\Community\VC\Tools\Llvm\x64\bin\clang.exe"   -g -Xclang -gcodeview -O0 -D_DEBUG -D_DLL -D_MT -Xclang --dependent-lib=msvcrtd    -D_WINSOCKAPI_= -MD -MT CMakeFiles/cmTC_71f80.dir/CheckIncludeFile.c.obj -MF CMakeFiles\cmTC_71f80.dir\CheckIncludeFile.c.obj.d -o CMakeFiles/cmTC_71f80.dir/CheckIncludeFile.c.obj -c CheckIncludeFile.c
CheckIncludeFile.c:1:10: fatal error: 'pthread.h' file not found
#include <pthread.h>
         ^~~~~~~~~~~
1 error generated.
ninja: build stopped: subcommand failed.



Determining if the function idn2_lookup_ul exists in the idn2;winmm;ws2_32;advapi32;crypt32 failed with the following output:
Change Dir: D:/Github/StonksBot/build/CMakeFiles/CMakeTmp

Run Build Command(s):D:/Github/CykaBlyat-Tools/mingw64/bin/ninja.exe cmTC_88cee && [1/2] Building C object CMakeFiles/cmTC_88cee.dir/CheckFunctionExists.c.obj
[2/2] Linking C executable cmTC_88cee.exe
FAILED: cmTC_88cee.exe 
cmd.exe /C "cd . && "D:\Microsoft Visual Studio\2019\Community\VC\Tools\Llvm\x64\bin\clang.exe" -fuse-ld=lld-link -nostartfiles -nostdlib -DCHECK_FUNCTION_EXISTS=idn2_lookup_ul -g -Xclang -gcodeview -O0 -D_DEBUG -D_DLL -D_MT -Xclang --dependent-lib=msvcrtd -static-libgcc -static-libstdc++   -Xlinker /subsystem:console CMakeFiles/cmTC_88cee.dir/CheckFunctionExists.c.obj -o cmTC_88cee.exe -Xlinker /implib:cmTC_88cee.lib -Xlinker /pdb:cmTC_88cee.pdb -Xlinker /version:0.0   -lidn2.lib  -lwinmm.lib  -lws2_32.lib  -ladvapi32.lib  -lcrypt32.lib  -lkernel32 -luser32 -lgdi32 -lwinspool -lshell32 -lole32 -loleaut32 -luuid -lcomdlg32 -ladvapi32 -loldnames && cd ."
clang: warning: argument unused during compilation: '-static-libgcc' [-Wunused-command-line-argument]
clang: warning: argument unused during compilation: '-static-libstdc++' [-Wunused-command-line-argument]
lld-link: error: could not open 'idn2.lib': no such file or directory
clang: error: linker command failed with exit code 1 (use -v to see invocation)
ninja: build stopped: subcommand failed.



Performing C SOURCE FILE Test USE_UNIX_SOCKETS failed with the following output:
Change Dir: D:/Github/StonksBot/build/CMakeFiles/CMakeTmp

Run Build Command(s):D:/Github/CykaBlyat-Tools/mingw64/bin/ninja.exe cmTC_85682 && [1/2] Building C object CMakeFiles/cmTC_85682.dir/src.c.obj
FAILED: CMakeFiles/cmTC_85682.dir/src.c.obj 
"D:\Microsoft Visual Studio\2019\Community\VC\Tools\Llvm\x64\bin\clang.exe" -DUSE_UNIX_SOCKETS  -g -Xclang -gcodeview -O0 -D_DEBUG -D_DLL -D_MT -Xclang --dependent-lib=msvcrtd    -D_WINSOCKAPI_= -DSECURITY_WIN32 -MD -MT CMakeFiles/cmTC_85682.dir/src.c.obj -MF CMakeFiles\cmTC_85682.dir\src.c.obj.d -o CMakeFiles/cmTC_85682.dir/src.c.obj -c src.c
src.c:2:10: fatal error: 'sys/un.h' file not found
#include <sys/un.h>
         ^~~~~~~~~~
1 error generated.
ninja: build stopped: subcommand failed.


Source file was:

#include <sys/un.h>

int main()
{
  (void)sizeof(((struct sockaddr_un *)0)->sun_path);
  return 0;
}

Determining if files windows.h;winsock.h;ws2tcpip.h;winsock2.h;stdio.h;sys/filio.h exist failed with the following output:
Change Dir: D:/Github/StonksBot/build/CMakeFiles/CMakeTmp

Run Build Command(s):D:/Github/CykaBlyat-Tools/mingw64/bin/ninja.exe cmTC_25ec5 && [1/2] Building C object CMakeFiles/cmTC_25ec5.dir/HAVE_SYS_FILIO_H.c.obj
FAILED: CMakeFiles/cmTC_25ec5.dir/HAVE_SYS_FILIO_H.c.obj 
"D:\Microsoft Visual Studio\2019\Community\VC\Tools\Llvm\x64\bin\clang.exe"   -g -Xclang -gcodeview -O0 -D_DEBUG -D_DLL -D_MT -Xclang --dependent-lib=msvcrtd    -D_WINSOCKAPI_= -DSECURITY_WIN32 -MD -MT CMakeFiles/cmTC_25ec5.dir/HAVE_SYS_FILIO_H.c.obj -MF CMakeFiles\cmTC_25ec5.dir\HAVE_SYS_FILIO_H.c.obj.d -o CMakeFiles/cmTC_25ec5.dir/HAVE_SYS_FILIO_H.c.obj -c D:/Github/StonksBot/build/CMakeFiles/CheckIncludeFiles/HAVE_SYS_FILIO_H.c
D:/Github/StonksBot/build/CMakeFiles/CheckIncludeFiles/HAVE_SYS_FILIO_H.c:7:10: fatal error: 'sys/filio.h' file not found
#include <sys/filio.h>
         ^~~~~~~~~~~~~
1 error generated.
ninja: build stopped: subcommand failed.


Source:
/* */
#include <windows.h>
#include <winsock.h>
#include <ws2tcpip.h>
#include <winsock2.h>
#include <stdio.h>
#include <sys/filio.h>


int main(void){return 0;}

Determining if files windows.h;winsock.h;ws2tcpip.h;winsock2.h;stdio.h;sys/ioctl.h exist failed with the following output:
Change Dir: D:/Github/StonksBot/build/CMakeFiles/CMakeTmp

Run Build Command(s):D:/Github/CykaBlyat-Tools/mingw64/bin/ninja.exe cmTC_2bec6 && [1/2] Building C object CMakeFiles/cmTC_2bec6.dir/HAVE_SYS_IOCTL_H.c.obj
FAILED: CMakeFiles/cmTC_2bec6.dir/HAVE_SYS_IOCTL_H.c.obj 
"D:\Microsoft Visual Studio\2019\Community\VC\Tools\Llvm\x64\bin\clang.exe"   -g -Xclang -gcodeview -O0 -D_DEBUG -D_DLL -D_MT -Xclang --dependent-lib=msvcrtd    -D_WINSOCKAPI_= -DSECURITY_WIN32 -MD -MT CMakeFiles/cmTC_2bec6.dir/HAVE_SYS_IOCTL_H.c.obj -MF CMakeFiles\cmTC_2bec6.dir\HAVE_SYS_IOCTL_H.c.obj.d -o CMakeFiles/cmTC_2bec6.dir/HAVE_SYS_IOCTL_H.c.obj -c D:/Github/StonksBot/build/CMakeFiles/CheckIncludeFiles/HAVE_SYS_IOCTL_H.c
D:/Github/StonksBot/build/CMakeFiles/CheckIncludeFiles/HAVE_SYS_IOCTL_H.c:7:10: fatal error: 'sys/ioctl.h' file not found
#include <sys/ioctl.h>
         ^~~~~~~~~~~~~
1 error generated.
ninja: build stopped: subcommand failed.


Source:
/* */
#include <windows.h>
#include <winsock.h>
#include <ws2tcpip.h>
#include <winsock2.h>
#include <stdio.h>
#include <sys/ioctl.h>


int main(void){return 0;}

Determining if files windows.h;winsock.h;ws2tcpip.h;winsock2.h;stdio.h;sys/resource.h exist failed with the following output:
Change Dir: D:/Github/StonksBot/build/CMakeFiles/CMakeTmp

Run Build Command(s):D:/Github/CykaBlyat-Tools/mingw64/bin/ninja.exe cmTC_cde3a && [1/2] Building C object CMakeFiles/cmTC_cde3a.dir/HAVE_SYS_RESOURCE_H.c.obj
FAILED: CMakeFiles/cmTC_cde3a.dir/HAVE_SYS_RESOURCE_H.c.obj 
"D:\Microsoft Visual Studio\2019\Community\VC\Tools\Llvm\x64\bin\clang.exe"   -g -Xclang -gcodeview -O0 -D_DEBUG -D_DLL -D_MT -Xclang --dependent-lib=msvcrtd    -D_WINSOCKAPI_= -DSECURITY_WIN32 -MD -MT CMakeFiles/cmTC_cde3a.dir/HAVE_SYS_RESOURCE_H.c.obj -MF CMakeFiles\cmTC_cde3a.dir\HAVE_SYS_RESOURCE_H.c.obj.d -o CMakeFiles/cmTC_cde3a.dir/HAVE_SYS_RESOURCE_H.c.obj -c D:/Github/StonksBot/build/CMakeFiles/CheckIncludeFiles/HAVE_SYS_RESOURCE_H.c
D:/Github/StonksBot/build/CMakeFiles/CheckIncludeFiles/HAVE_SYS_RESOURCE_H.c:7:10: fatal error: 'sys/resource.h' file not found
#include <sys/resource.h>
         ^~~~~~~~~~~~~~~~
1 error generated.
ninja: build stopped: subcommand failed.


Source:
/* */
#include <windows.h>
#include <winsock.h>
#include <ws2tcpip.h>
#include <winsock2.h>
#include <stdio.h>
#include <sys/resource.h>


int main(void){return 0;}

Determining if files windows.h;winsock.h;ws2tcpip.h;winsock2.h;stdio.h;sys/stat.h;sys/types.h;sys/uio.h exist failed with the following output:
Change Dir: D:/Github/StonksBot/build/CMakeFiles/CMakeTmp

Run Build Command(s):D:/Github/CykaBlyat-Tools/mingw64/bin/ninja.exe cmTC_cf1a3 && [1/2] Building C object CMakeFiles/cmTC_cf1a3.dir/HAVE_SYS_UIO_H.c.obj
FAILED: CMakeFiles/cmTC_cf1a3.dir/HAVE_SYS_UIO_H.c.obj 
"D:\Microsoft Visual Studio\2019\Community\VC\Tools\Llvm\x64\bin\clang.exe"   -g -Xclang -gcodeview -O0 -D_DEBUG -D_DLL -D_MT -Xclang --dependent-lib=msvcrtd    -D_WINSOCKAPI_= -DSECURITY_WIN32 -MD -MT CMakeFiles/cmTC_cf1a3.dir/HAVE_SYS_UIO_H.c.obj -MF CMakeFiles\cmTC_cf1a3.dir\HAVE_SYS_UIO_H.c.obj.d -o CMakeFiles/cmTC_cf1a3.dir/HAVE_SYS_UIO_H.c.obj -c D:/Github/StonksBot/build/CMakeFiles/CheckIncludeFiles/HAVE_SYS_UIO_H.c
D:/Github/StonksBot/build/CMakeFiles/CheckIncludeFiles/HAVE_SYS_UIO_H.c:9:10: fatal error: 'sys/uio.h' file not found
#include <sys/uio.h>
         ^~~~~~~~~~~
1 error generated.
ninja: build stopped: subcommand failed.


Source:
/* */
#include <windows.h>
#include <winsock.h>
#include <ws2tcpip.h>
#include <winsock2.h>
#include <stdio.h>
#include <sys/stat.h>
#include <sys/types.h>
#include <sys/uio.h>


int main(void){return 0;}

Determining if files windows.h;winsock.h;ws2tcpip.h;winsock2.h;stdio.h;sys/stat.h;sys/types.h;sys/un.h exist failed with the following output:
Change Dir: D:/Github/StonksBot/build/CMakeFiles/CMakeTmp

Run Build Command(s):D:/Github/CykaBlyat-Tools/mingw64/bin/ninja.exe cmTC_becb9 && [1/2] Building C object CMakeFiles/cmTC_becb9.dir/HAVE_SYS_UN_H.c.obj
FAILED: CMakeFiles/cmTC_becb9.dir/HAVE_SYS_UN_H.c.obj 
"D:\Microsoft Visual Studio\2019\Community\VC\Tools\Llvm\x64\bin\clang.exe"   -g -Xclang -gcodeview -O0 -D_DEBUG -D_DLL -D_MT -Xclang --dependent-lib=msvcrtd    -D_WINSOCKAPI_= -DSECURITY_WIN32 -MD -MT CMakeFiles/cmTC_becb9.dir/HAVE_SYS_UN_H.c.obj -MF CMakeFiles\cmTC_becb9.dir\HAVE_SYS_UN_H.c.obj.d -o CMakeFiles/cmTC_becb9.dir/HAVE_SYS_UN_H.c.obj -c D:/Github/StonksBot/build/CMakeFiles/CheckIncludeFiles/HAVE_SYS_UN_H.c
D:/Github/StonksBot/build/CMakeFiles/CheckIncludeFiles/HAVE_SYS_UN_H.c:9:10: fatal error: 'sys/un.h' file not found
#include <sys/un.h>
         ^~~~~~~~~~
1 error generated.
ninja: build stopped: subcommand failed.


Source:
/* */
#include <windows.h>
#include <winsock.h>
#include <ws2tcpip.h>
#include <winsock2.h>
#include <stdio.h>
#include <sys/stat.h>
#include <sys/types.h>
#include <sys/un.h>


int main(void){return 0;}

Determining if files windows.h;winsock.h;ws2tcpip.h;winsock2.h;stdio.h;sys/stat.h;sys/types.h;sys/utime.h;sys/xattr.h exist failed with the following output:
Change Dir: D:/Github/StonksBot/build/CMakeFiles/CMakeTmp

Run Build Command(s):D:/Github/CykaBlyat-Tools/mingw64/bin/ninja.exe cmTC_58fc2 && [1/2] Building C object CMakeFiles/cmTC_58fc2.dir/HAVE_SYS_XATTR_H.c.obj
FAILED: CMakeFiles/cmTC_58fc2.dir/HAVE_SYS_XATTR_H.c.obj 
"D:\Microsoft Visual Studio\2019\Community\VC\Tools\Llvm\x64\bin\clang.exe"   -g -Xclang -gcodeview -O0 -D_DEBUG -D_DLL -D_MT -Xclang --dependent-lib=msvcrtd    -D_WINSOCKAPI_= -DSECURITY_WIN32 -MD -MT CMakeFiles/cmTC_58fc2.dir/HAVE_SYS_XATTR_H.c.obj -MF CMakeFiles\cmTC_58fc2.dir\HAVE_SYS_XATTR_H.c.obj.d -o CMakeFiles/cmTC_58fc2.dir/HAVE_SYS_XATTR_H.c.obj -c D:/Github/StonksBot/build/CMakeFiles/CheckIncludeFiles/HAVE_SYS_XATTR_H.c
D:/Github/StonksBot/build/CMakeFiles/CheckIncludeFiles/HAVE_SYS_XATTR_H.c:10:10: fatal error: 'sys/xattr.h' file not found
#include <sys/xattr.h>
         ^~~~~~~~~~~~~
1 error generated.
ninja: build stopped: subcommand failed.


Source:
/* */
#include <windows.h>
#include <winsock.h>
#include <ws2tcpip.h>
#include <winsock2.h>
#include <stdio.h>
#include <sys/stat.h>
#include <sys/types.h>
#include <sys/utime.h>
#include <sys/xattr.h>


int main(void){return 0;}

Determining if files windows.h;winsock.h;ws2tcpip.h;winsock2.h;stdio.h;sys/stat.h;sys/types.h;sys/utime.h;arpa/tftp.h exist failed with the following output:
Change Dir: D:/Github/StonksBot/build/CMakeFiles/CMakeTmp

Run Build Command(s):D:/Github/CykaBlyat-Tools/mingw64/bin/ninja.exe cmTC_c9c4d && [1/2] Building C object CMakeFiles/cmTC_c9c4d.dir/HAVE_ARPA_TFTP_H.c.obj
FAILED: CMakeFiles/cmTC_c9c4d.dir/HAVE_ARPA_TFTP_H.c.obj 
"D:\Microsoft Visual Studio\2019\Community\VC\Tools\Llvm\x64\bin\clang.exe"   -g -Xclang -gcodeview -O0 -D_DEBUG -D_DLL -D_MT -Xclang --dependent-lib=msvcrtd    -D_WINSOCKAPI_= -DSECURITY_WIN32 -MD -MT CMakeFiles/cmTC_c9c4d.dir/HAVE_ARPA_TFTP_H.c.obj -MF CMakeFiles\cmTC_c9c4d.dir\HAVE_ARPA_TFTP_H.c.obj.d -o CMakeFiles/cmTC_c9c4d.dir/HAVE_ARPA_TFTP_H.c.obj -c D:/Github/StonksBot/build/CMakeFiles/CheckIncludeFiles/HAVE_ARPA_TFTP_H.c
D:/Github/StonksBot/build/CMakeFiles/CheckIncludeFiles/HAVE_ARPA_TFTP_H.c:10:10: fatal error: 'arpa/tftp.h' file not found
#include <arpa/tftp.h>
         ^~~~~~~~~~~~~
1 error generated.
ninja: build stopped: subcommand failed.


Source:
/* */
#include <windows.h>
#include <winsock.h>
#include <ws2tcpip.h>
#include <winsock2.h>
#include <stdio.h>
#include <sys/stat.h>
#include <sys/types.h>
#include <sys/utime.h>
#include <arpa/tftp.h>


int main(void){return 0;}

Determining if files windows.h;winsock.h;ws2tcpip.h;winsock2.h;stdio.h;sys/stat.h;sys/types.h;sys/utime.h;assert.h;crypto.h exist failed with the following output:
Change Dir: D:/Github/StonksBot/build/CMakeFiles/CMakeTmp

Run Build Command(s):D:/Github/CykaBlyat-Tools/mingw64/bin/ninja.exe cmTC_5c58f && [1/2] Building C object CMakeFiles/cmTC_5c58f.dir/HAVE_CRYPTO_H.c.obj
FAILED: CMakeFiles/cmTC_5c58f.dir/HAVE_CRYPTO_H.c.obj 
"D:\Microsoft Visual Studio\2019\Community\VC\Tools\Llvm\x64\bin\clang.exe"   -g -Xclang -gcodeview -O0 -D_DEBUG -D_DLL -D_MT -Xclang --dependent-lib=msvcrtd    -D_WINSOCKAPI_= -DSECURITY_WIN32 -MD -MT CMakeFiles/cmTC_5c58f.dir/HAVE_CRYPTO_H.c.obj -MF CMakeFiles\cmTC_5c58f.dir\HAVE_CRYPTO_H.c.obj.d -o CMakeFiles/cmTC_5c58f.dir/HAVE_CRYPTO_H.c.obj -c D:/Github/StonksBot/build/CMakeFiles/CheckIncludeFiles/HAVE_CRYPTO_H.c
D:/Github/StonksBot/build/CMakeFiles/CheckIncludeFiles/HAVE_CRYPTO_H.c:11:10: fatal error: 'crypto.h' file not found
#include <crypto.h>
         ^~~~~~~~~~
1 error generated.
ninja: build stopped: subcommand failed.


Source:
/* */
#include <windows.h>
#include <winsock.h>
#include <ws2tcpip.h>
#include <winsock2.h>
#include <stdio.h>
#include <sys/stat.h>
#include <sys/types.h>
#include <sys/utime.h>
#include <assert.h>
#include <crypto.h>


int main(void){return 0;}

Determining if files windows.h;winsock.h;ws2tcpip.h;winsock2.h;stdio.h;sys/stat.h;sys/types.h;sys/utime.h;assert.h;des.h exist failed with the following output:
Change Dir: D:/Github/StonksBot/build/CMakeFiles/CMakeTmp

Run Build Command(s):D:/Github/CykaBlyat-Tools/mingw64/bin/ninja.exe cmTC_ffcfa && [1/2] Building C object CMakeFiles/cmTC_ffcfa.dir/HAVE_DES_H.c.obj
FAILED: CMakeFiles/cmTC_ffcfa.dir/HAVE_DES_H.c.obj 
"D:\Microsoft Visual Studio\2019\Community\VC\Tools\Llvm\x64\bin\clang.exe"   -g -Xclang -gcodeview -O0 -D_DEBUG -D_DLL -D_MT -Xclang --dependent-lib=msvcrtd    -D_WINSOCKAPI_= -DSECURITY_WIN32 -MD -MT CMakeFiles/cmTC_ffcfa.dir/HAVE_DES_H.c.obj -MF CMakeFiles\cmTC_ffcfa.dir\HAVE_DES_H.c.obj.d -o CMakeFiles/cmTC_ffcfa.dir/HAVE_DES_H.c.obj -c D:/Github/StonksBot/build/CMakeFiles/CheckIncludeFiles/HAVE_DES_H.c
D:/Github/StonksBot/build/CMakeFiles/CheckIncludeFiles/HAVE_DES_H.c:11:10: fatal error: 'des.h' file not found
#include <des.h>
         ^~~~~~~
1 error generated.
ninja: build stopped: subcommand failed.


Source:
/* */
#include <windows.h>
#include <winsock.h>
#include <ws2tcpip.h>
#include <winsock2.h>
#include <stdio.h>
#include <sys/stat.h>
#include <sys/types.h>
#include <sys/utime.h>
#include <assert.h>
#include <des.h>


int main(void){return 0;}

Determining if files windows.h;winsock.h;ws2tcpip.h;winsock2.h;stdio.h;sys/stat.h;sys/types.h;sys/utime.h;assert.h;err.h exist failed with the following output:
Change Dir: D:/Github/StonksBot/build/CMakeFiles/CMakeTmp

Run Build Command(s):D:/Github/CykaBlyat-Tools/mingw64/bin/ninja.exe cmTC_110f0 && [1/2] Building C object CMakeFiles/cmTC_110f0.dir/HAVE_ERR_H.c.obj
FAILED: CMakeFiles/cmTC_110f0.dir/HAVE_ERR_H.c.obj 
"D:\Microsoft Visual Studio\2019\Community\VC\Tools\Llvm\x64\bin\clang.exe"   -g -Xclang -gcodeview -O0 -D_DEBUG -D_DLL -D_MT -Xclang --dependent-lib=msvcrtd    -D_WINSOCKAPI_= -DSECURITY_WIN32 -MD -MT CMakeFiles/cmTC_110f0.dir/HAVE_ERR_H.c.obj -MF CMakeFiles\cmTC_110f0.dir\HAVE_ERR_H.c.obj.d -o CMakeFiles/cmTC_110f0.dir/HAVE_ERR_H.c.obj -c D:/Github/StonksBot/build/CMakeFiles/CheckIncludeFiles/HAVE_ERR_H.c
D:/Github/StonksBot/build/CMakeFiles/CheckIncludeFiles/HAVE_ERR_H.c:11:10: fatal error: 'err.h' file not found
#include <err.h>
         ^~~~~~~
1 error generated.
ninja: build stopped: subcommand failed.


Source:
/* */
#include <windows.h>
#include <winsock.h>
#include <ws2tcpip.h>
#include <winsock2.h>
#include <stdio.h>
#include <sys/stat.h>
#include <sys/types.h>
#include <sys/utime.h>
#include <assert.h>
#include <err.h>


int main(void){return 0;}

Determining if files windows.h;winsock.h;ws2tcpip.h;winsock2.h;stdio.h;sys/stat.h;sys/types.h;sys/utime.h;assert.h;errno.h;fcntl.h;idn2.h exist failed with the following output:
Change Dir: D:/Github/StonksBot/build/CMakeFiles/CMakeTmp

Run Build Command(s):D:/Github/CykaBlyat-Tools/mingw64/bin/ninja.exe cmTC_0c2f0 && [1/2] Building C object CMakeFiles/cmTC_0c2f0.dir/HAVE_IDN2_H.c.obj
FAILED: CMakeFiles/cmTC_0c2f0.dir/HAVE_IDN2_H.c.obj 
"D:\Microsoft Visual Studio\2019\Community\VC\Tools\Llvm\x64\bin\clang.exe"   -g -Xclang -gcodeview -O0 -D_DEBUG -D_DLL -D_MT -Xclang --dependent-lib=msvcrtd    -D_WINSOCKAPI_= -DSECURITY_WIN32 -MD -MT CMakeFiles/cmTC_0c2f0.dir/HAVE_IDN2_H.c.obj -MF CMakeFiles\cmTC_0c2f0.dir\HAVE_IDN2_H.c.obj.d -o CMakeFiles/cmTC_0c2f0.dir/HAVE_IDN2_H.c.obj -c D:/Github/StonksBot/build/CMakeFiles/CheckIncludeFiles/HAVE_IDN2_H.c
D:/Github/StonksBot/build/CMakeFiles/CheckIncludeFiles/HAVE_IDN2_H.c:13:10: fatal error: 'idn2.h' file not found
#include <idn2.h>
         ^~~~~~~~
1 error generated.
ninja: build stopped: subcommand failed.


Source:
/* */
#include <windows.h>
#include <winsock.h>
#include <ws2tcpip.h>
#include <winsock2.h>
#include <stdio.h>
#include <sys/stat.h>
#include <sys/types.h>
#include <sys/utime.h>
#include <assert.h>
#include <errno.h>
#include <fcntl.h>
#include <idn2.h>


int main(void){return 0;}

Determining if files windows.h;winsock.h;ws2tcpip.h;winsock2.h;stdio.h;sys/stat.h;sys/types.h;sys/utime.h;assert.h;errno.h;fcntl.h;ifaddrs.h exist failed with the following output:
Change Dir: D:/Github/StonksBot/build/CMakeFiles/CMakeTmp

Run Build Command(s):D:/Github/CykaBlyat-Tools/mingw64/bin/ninja.exe cmTC_4d87a && [1/2] Building C object CMakeFiles/cmTC_4d87a.dir/HAVE_IFADDRS_H.c.obj
FAILED: CMakeFiles/cmTC_4d87a.dir/HAVE_IFADDRS_H.c.obj 
"D:\Microsoft Visual Studio\2019\Community\VC\Tools\Llvm\x64\bin\clang.exe"   -g -Xclang -gcodeview -O0 -D_DEBUG -D_DLL -D_MT -Xclang --dependent-lib=msvcrtd    -D_WINSOCKAPI_= -DSECURITY_WIN32 -MD -MT CMakeFiles/cmTC_4d87a.dir/HAVE_IFADDRS_H.c.obj -MF CMakeFiles\cmTC_4d87a.dir\HAVE_IFADDRS_H.c.obj.d -o CMakeFiles/cmTC_4d87a.dir/HAVE_IFADDRS_H.c.obj -c D:/Github/StonksBot/build/CMakeFiles/CheckIncludeFiles/HAVE_IFADDRS_H.c
D:/Github/StonksBot/build/CMakeFiles/CheckIncludeFiles/HAVE_IFADDRS_H.c:13:10: fatal error: 'ifaddrs.h' file not found
#include <ifaddrs.h>
         ^~~~~~~~~~~
1 error generated.
ninja: build stopped: subcommand failed.


Source:
/* */
#include <windows.h>
#include <winsock.h>
#include <ws2tcpip.h>
#include <winsock2.h>
#include <stdio.h>
#include <sys/stat.h>
#include <sys/types.h>
#include <sys/utime.h>
#include <assert.h>
#include <errno.h>
#include <fcntl.h>
#include <ifaddrs.h>


int main(void){return 0;}

Determining if files windows.h;winsock.h;ws2tcpip.h;winsock2.h;stdio.h;sys/stat.h;sys/types.h;sys/utime.h;assert.h;errno.h;fcntl.h;io.h;krb.h exist failed with the following output:
Change Dir: D:/Github/StonksBot/build/CMakeFiles/CMakeTmp

Run Build Command(s):D:/Github/CykaBlyat-Tools/mingw64/bin/ninja.exe cmTC_54604 && [1/2] Building C object CMakeFiles/cmTC_54604.dir/HAVE_KRB_H.c.obj
FAILED: CMakeFiles/cmTC_54604.dir/HAVE_KRB_H.c.obj 
"D:\Microsoft Visual Studio\2019\Community\VC\Tools\Llvm\x64\bin\clang.exe"   -g -Xclang -gcodeview -O0 -D_DEBUG -D_DLL -D_MT -Xclang --dependent-lib=msvcrtd    -D_WINSOCKAPI_= -DSECURITY_WIN32 -MD -MT CMakeFiles/cmTC_54604.dir/HAVE_KRB_H.c.obj -MF CMakeFiles\cmTC_54604.dir\HAVE_KRB_H.c.obj.d -o CMakeFiles/cmTC_54604.dir/HAVE_KRB_H.c.obj -c D:/Github/StonksBot/build/CMakeFiles/CheckIncludeFiles/HAVE_KRB_H.c
D:/Github/StonksBot/build/CMakeFiles/CheckIncludeFiles/HAVE_KRB_H.c:14:10: fatal error: 'krb.h' file not found
#include <krb.h>
         ^~~~~~~
1 error generated.
ninja: build stopped: subcommand failed.


Source:
/* */
#include <windows.h>
#include <winsock.h>
#include <ws2tcpip.h>
#include <winsock2.h>
#include <stdio.h>
#include <sys/stat.h>
#include <sys/types.h>
#include <sys/utime.h>
#include <assert.h>
#include <errno.h>
#include <fcntl.h>
#include <io.h>
#include <krb.h>


int main(void){return 0;}

Determining if files windows.h;winsock.h;ws2tcpip.h;winsock2.h;stdio.h;sys/stat.h;sys/types.h;sys/utime.h;assert.h;errno.h;fcntl.h;io.h;libgen.h exist failed with the following output:
Change Dir: D:/Github/StonksBot/build/CMakeFiles/CMakeTmp

Run Build Command(s):D:/Github/CykaBlyat-Tools/mingw64/bin/ninja.exe cmTC_beb50 && [1/2] Building C object CMakeFiles/cmTC_beb50.dir/HAVE_LIBGEN_H.c.obj
FAILED: CMakeFiles/cmTC_beb50.dir/HAVE_LIBGEN_H.c.obj 
"D:\Microsoft Visual Studio\2019\Community\VC\Tools\Llvm\x64\bin\clang.exe"   -g -Xclang -gcodeview -O0 -D_DEBUG -D_DLL -D_MT -Xclang --dependent-lib=msvcrtd    -D_WINSOCKAPI_= -DSECURITY_WIN32 -MD -MT CMakeFiles/cmTC_beb50.dir/HAVE_LIBGEN_H.c.obj -MF CMakeFiles\cmTC_beb50.dir\HAVE_LIBGEN_H.c.obj.d -o CMakeFiles/cmTC_beb50.dir/HAVE_LIBGEN_H.c.obj -c D:/Github/StonksBot/build/CMakeFiles/CheckIncludeFiles/HAVE_LIBGEN_H.c
D:/Github/StonksBot/build/CMakeFiles/CheckIncludeFiles/HAVE_LIBGEN_H.c:14:10: fatal error: 'libgen.h' file not found
#include <libgen.h>
         ^~~~~~~~~~
1 error generated.
ninja: build stopped: subcommand failed.


Source:
/* */
#include <windows.h>
#include <winsock.h>
#include <ws2tcpip.h>
#include <winsock2.h>
#include <stdio.h>
#include <sys/stat.h>
#include <sys/types.h>
#include <sys/utime.h>
#include <assert.h>
#include <errno.h>
#include <fcntl.h>
#include <io.h>
#include <libgen.h>


int main(void){return 0;}

Determining if files windows.h;winsock.h;ws2tcpip.h;winsock2.h;stdio.h;sys/stat.h;sys/types.h;sys/utime.h;assert.h;errno.h;fcntl.h;io.h;locale.h;netinet/tcp.h exist failed with the following output:
Change Dir: D:/Github/StonksBot/build/CMakeFiles/CMakeTmp

Run Build Command(s):D:/Github/CykaBlyat-Tools/mingw64/bin/ninja.exe cmTC_1ba56 && [1/2] Building C object CMakeFiles/cmTC_1ba56.dir/HAVE_NETINET_TCP_H.c.obj
FAILED: CMakeFiles/cmTC_1ba56.dir/HAVE_NETINET_TCP_H.c.obj 
"D:\Microsoft Visual Studio\2019\Community\VC\Tools\Llvm\x64\bin\clang.exe"   -g -Xclang -gcodeview -O0 -D_DEBUG -D_DLL -D_MT -Xclang --dependent-lib=msvcrtd    -D_WINSOCKAPI_= -DSECURITY_WIN32 -MD -MT CMakeFiles/cmTC_1ba56.dir/HAVE_NETINET_TCP_H.c.obj -MF CMakeFiles\cmTC_1ba56.dir\HAVE_NETINET_TCP_H.c.obj.d -o CMakeFiles/cmTC_1ba56.dir/HAVE_NETINET_TCP_H.c.obj -c D:/Github/StonksBot/build/CMakeFiles/CheckIncludeFiles/HAVE_NETINET_TCP_H.c
D:/Github/StonksBot/build/CMakeFiles/CheckIncludeFiles/HAVE_NETINET_TCP_H.c:15:10: fatal error: 'netinet/tcp.h' file not found
#include <netinet/tcp.h>
         ^~~~~~~~~~~~~~~
1 error generated.
ninja: build stopped: subcommand failed.


Source:
/* */
#include <windows.h>
#include <winsock.h>
#include <ws2tcpip.h>
#include <winsock2.h>
#include <stdio.h>
#include <sys/stat.h>
#include <sys/types.h>
#include <sys/utime.h>
#include <assert.h>
#include <errno.h>
#include <fcntl.h>
#include <io.h>
#include <locale.h>
#include <netinet/tcp.h>


int main(void){return 0;}

Determining if files windows.h;winsock.h;ws2tcpip.h;winsock2.h;stdio.h;sys/stat.h;sys/types.h;sys/utime.h;assert.h;errno.h;fcntl.h;io.h;locale.h;pem.h exist failed with the following output:
Change Dir: D:/Github/StonksBot/build/CMakeFiles/CMakeTmp

Run Build Command(s):D:/Github/CykaBlyat-Tools/mingw64/bin/ninja.exe cmTC_63db2 && [1/2] Building C object CMakeFiles/cmTC_63db2.dir/HAVE_PEM_H.c.obj
FAILED: CMakeFiles/cmTC_63db2.dir/HAVE_PEM_H.c.obj 
"D:\Microsoft Visual Studio\2019\Community\VC\Tools\Llvm\x64\bin\clang.exe"   -g -Xclang -gcodeview -O0 -D_DEBUG -D_DLL -D_MT -Xclang --dependent-lib=msvcrtd    -D_WINSOCKAPI_= -DSECURITY_WIN32 -MD -MT CMakeFiles/cmTC_63db2.dir/HAVE_PEM_H.c.obj -MF CMakeFiles\cmTC_63db2.dir\HAVE_PEM_H.c.obj.d -o CMakeFiles/cmTC_63db2.dir/HAVE_PEM_H.c.obj -c D:/Github/StonksBot/build/CMakeFiles/CheckIncludeFiles/HAVE_PEM_H.c
D:/Github/StonksBot/build/CMakeFiles/CheckIncludeFiles/HAVE_PEM_H.c:15:10: fatal error: 'pem.h' file not found
#include <pem.h>
         ^~~~~~~
1 error generated.
ninja: build stopped: subcommand failed.


Source:
/* */
#include <windows.h>
#include <winsock.h>
#include <ws2tcpip.h>
#include <winsock2.h>
#include <stdio.h>
#include <sys/stat.h>
#include <sys/types.h>
#include <sys/utime.h>
#include <assert.h>
#include <errno.h>
#include <fcntl.h>
#include <io.h>
#include <locale.h>
#include <pem.h>


int main(void){return 0;}

Determining if files windows.h;winsock.h;ws2tcpip.h;winsock2.h;stdio.h;sys/stat.h;sys/types.h;sys/utime.h;assert.h;errno.h;fcntl.h;io.h;locale.h;poll.h exist failed with the following output:
Change Dir: D:/Github/StonksBot/build/CMakeFiles/CMakeTmp

Run Build Command(s):D:/Github/CykaBlyat-Tools/mingw64/bin/ninja.exe cmTC_34303 && [1/2] Building C object CMakeFiles/cmTC_34303.dir/HAVE_POLL_H.c.obj
FAILED: CMakeFiles/cmTC_34303.dir/HAVE_POLL_H.c.obj 
"D:\Microsoft Visual Studio\2019\Community\VC\Tools\Llvm\x64\bin\clang.exe"   -g -Xclang -gcodeview -O0 -D_DEBUG -D_DLL -D_MT -Xclang --dependent-lib=msvcrtd    -D_WINSOCKAPI_= -DSECURITY_WIN32 -MD -MT CMakeFiles/cmTC_34303.dir/HAVE_POLL_H.c.obj -MF CMakeFiles\cmTC_34303.dir\HAVE_POLL_H.c.obj.d -o CMakeFiles/cmTC_34303.dir/HAVE_POLL_H.c.obj -c D:/Github/StonksBot/build/CMakeFiles/CheckIncludeFiles/HAVE_POLL_H.c
D:/Github/StonksBot/build/CMakeFiles/CheckIncludeFiles/HAVE_POLL_H.c:15:10: fatal error: 'poll.h' file not found
#include <poll.h>
         ^~~~~~~~
1 error generated.
ninja: build stopped: subcommand failed.


Source:
/* */
#include <windows.h>
#include <winsock.h>
#include <ws2tcpip.h>
#include <winsock2.h>
#include <stdio.h>
#include <sys/stat.h>
#include <sys/types.h>
#include <sys/utime.h>
#include <assert.h>
#include <errno.h>
#include <fcntl.h>
#include <io.h>
#include <locale.h>
#include <poll.h>


int main(void){return 0;}

Determining if files windows.h;winsock.h;ws2tcpip.h;winsock2.h;stdio.h;sys/stat.h;sys/types.h;sys/utime.h;assert.h;errno.h;fcntl.h;io.h;locale.h;rsa.h exist failed with the following output:
Change Dir: D:/Github/StonksBot/build/CMakeFiles/CMakeTmp

Run Build Command(s):D:/Github/CykaBlyat-Tools/mingw64/bin/ninja.exe cmTC_c1d35 && [1/2] Building C object CMakeFiles/cmTC_c1d35.dir/HAVE_RSA_H.c.obj
FAILED: CMakeFiles/cmTC_c1d35.dir/HAVE_RSA_H.c.obj 
"D:\Microsoft Visual Studio\2019\Community\VC\Tools\Llvm\x64\bin\clang.exe"   -g -Xclang -gcodeview -O0 -D_DEBUG -D_DLL -D_MT -Xclang --dependent-lib=msvcrtd    -D_WINSOCKAPI_= -DSECURITY_WIN32 -MD -MT CMakeFiles/cmTC_c1d35.dir/HAVE_RSA_H.c.obj -MF CMakeFiles\cmTC_c1d35.dir\HAVE_RSA_H.c.obj.d -o CMakeFiles/cmTC_c1d35.dir/HAVE_RSA_H.c.obj -c D:/Github/StonksBot/build/CMakeFiles/CheckIncludeFiles/HAVE_RSA_H.c
D:/Github/StonksBot/build/CMakeFiles/CheckIncludeFiles/HAVE_RSA_H.c:15:10: fatal error: 'rsa.h' file not found
#include <rsa.h>
         ^~~~~~~
1 error generated.
ninja: build stopped: subcommand failed.


Source:
/* */
#include <windows.h>
#include <winsock.h>
#include <ws2tcpip.h>
#include <winsock2.h>
#include <stdio.h>
#include <sys/stat.h>
#include <sys/types.h>
#include <sys/utime.h>
#include <assert.h>
#include <errno.h>
#include <fcntl.h>
#include <io.h>
#include <locale.h>
#include <rsa.h>


int main(void){return 0;}

Determining if files windows.h;winsock.h;ws2tcpip.h;winsock2.h;stdio.h;sys/stat.h;sys/types.h;sys/utime.h;assert.h;errno.h;fcntl.h;io.h;locale.h;setjmp.h;signal.h;ssl.h exist failed with the following output:
Change Dir: D:/Github/StonksBot/build/CMakeFiles/CMakeTmp

Run Build Command(s):D:/Github/CykaBlyat-Tools/mingw64/bin/ninja.exe cmTC_6c716 && [1/2] Building C object CMakeFiles/cmTC_6c716.dir/HAVE_SSL_H.c.obj
FAILED: CMakeFiles/cmTC_6c716.dir/HAVE_SSL_H.c.obj 
"D:\Microsoft Visual Studio\2019\Community\VC\Tools\Llvm\x64\bin\clang.exe"   -g -Xclang -gcodeview -O0 -D_DEBUG -D_DLL -D_MT -Xclang --dependent-lib=msvcrtd    -D_WINSOCKAPI_= -DSECURITY_WIN32 -MD -MT CMakeFiles/cmTC_6c716.dir/HAVE_SSL_H.c.obj -MF CMakeFiles\cmTC_6c716.dir\HAVE_SSL_H.c.obj.d -o CMakeFiles/cmTC_6c716.dir/HAVE_SSL_H.c.obj -c D:/Github/StonksBot/build/CMakeFiles/CheckIncludeFiles/HAVE_SSL_H.c
D:/Github/StonksBot/build/CMakeFiles/CheckIncludeFiles/HAVE_SSL_H.c:17:10: fatal error: 'ssl.h' file not found
#include <ssl.h>
         ^~~~~~~
1 error generated.
ninja: build stopped: subcommand failed.


Source:
/* */
#include <windows.h>
#include <winsock.h>
#include <ws2tcpip.h>
#include <winsock2.h>
#include <stdio.h>
#include <sys/stat.h>
#include <sys/types.h>
#include <sys/utime.h>
#include <assert.h>
#include <errno.h>
#include <fcntl.h>
#include <io.h>
#include <locale.h>
#include <setjmp.h>
#include <signal.h>
#include <ssl.h>


int main(void){return 0;}

Determining if files windows.h;winsock.h;ws2tcpip.h;winsock2.h;stdio.h;sys/stat.h;sys/types.h;sys/utime.h;assert.h;errno.h;fcntl.h;io.h;locale.h;setjmp.h;signal.h;stdbool.h;stdio.h;stdlib.h;string.h;stropts.h exist failed with the following output:
Change Dir: D:/Github/StonksBot/build/CMakeFiles/CMakeTmp

Run Build Command(s):D:/Github/CykaBlyat-Tools/mingw64/bin/ninja.exe cmTC_492b8 && [1/2] Building C object CMakeFiles/cmTC_492b8.dir/HAVE_STROPTS_H.c.obj
FAILED: CMakeFiles/cmTC_492b8.dir/HAVE_STROPTS_H.c.obj 
"D:\Microsoft Visual Studio\2019\Community\VC\Tools\Llvm\x64\bin\clang.exe"   -g -Xclang -gcodeview -O0 -D_DEBUG -D_DLL -D_MT -Xclang --dependent-lib=msvcrtd    -D_WINSOCKAPI_= -DSECURITY_WIN32 -MD -MT CMakeFiles/cmTC_492b8.dir/HAVE_STROPTS_H.c.obj -MF CMakeFiles\cmTC_492b8.dir\HAVE_STROPTS_H.c.obj.d -o CMakeFiles/cmTC_492b8.dir/HAVE_STROPTS_H.c.obj -c D:/Github/StonksBot/build/CMakeFiles/CheckIncludeFiles/HAVE_STROPTS_H.c
D:/Github/StonksBot/build/CMakeFiles/CheckIncludeFiles/HAVE_STROPTS_H.c:21:10: fatal error: 'stropts.h' file not found
#include <stropts.h>
         ^~~~~~~~~~~
1 error generated.
ninja: build stopped: subcommand failed.


Source:
/* */
#include <windows.h>
#include <winsock.h>
#include <ws2tcpip.h>
#include <winsock2.h>
#include <stdio.h>
#include <sys/stat.h>
#include <sys/types.h>
#include <sys/utime.h>
#include <assert.h>
#include <errno.h>
#include <fcntl.h>
#include <io.h>
#include <locale.h>
#include <setjmp.h>
#include <signal.h>
#include <stdbool.h>
#include <stdio.h>
#include <stdlib.h>
#include <string.h>
#include <stropts.h>


int main(void){return 0;}

Determining if files windows.h;winsock.h;ws2tcpip.h;winsock2.h;stdio.h;sys/stat.h;sys/types.h;sys/utime.h;assert.h;errno.h;fcntl.h;io.h;locale.h;setjmp.h;signal.h;stdbool.h;stdio.h;stdlib.h;string.h;time.h;process.h;stddef.h;malloc.h;memory.h;sys/utsname.h exist failed with the following output:
Change Dir: D:/Github/StonksBot/build/CMakeFiles/CMakeTmp

Run Build Command(s):D:/Github/CykaBlyat-Tools/mingw64/bin/ninja.exe cmTC_55a0a && [1/2] Building C object CMakeFiles/cmTC_55a0a.dir/HAVE_SYS_UTSNAME_H.c.obj
FAILED: CMakeFiles/cmTC_55a0a.dir/HAVE_SYS_UTSNAME_H.c.obj 
"D:\Microsoft Visual Studio\2019\Community\VC\Tools\Llvm\x64\bin\clang.exe"   -g -Xclang -gcodeview -O0 -D_DEBUG -D_DLL -D_MT -Xclang --dependent-lib=msvcrtd    -D_WINSOCKAPI_= -DSECURITY_WIN32 -MD -MT CMakeFiles/cmTC_55a0a.dir/HAVE_SYS_UTSNAME_H.c.obj -MF CMakeFiles\cmTC_55a0a.dir\HAVE_SYS_UTSNAME_H.c.obj.d -o CMakeFiles/cmTC_55a0a.dir/HAVE_SYS_UTSNAME_H.c.obj -c D:/Github/StonksBot/build/CMakeFiles/CheckIncludeFiles/HAVE_SYS_UTSNAME_H.c
D:/Github/StonksBot/build/CMakeFiles/CheckIncludeFiles/HAVE_SYS_UTSNAME_H.c:26:10: fatal error: 'sys/utsname.h' file not found
#include <sys/utsname.h>
         ^~~~~~~~~~~~~~~
1 error generated.
ninja: build stopped: subcommand failed.


Source:
/* */
#include <windows.h>
#include <winsock.h>
#include <ws2tcpip.h>
#include <winsock2.h>
#include <stdio.h>
#include <sys/stat.h>
#include <sys/types.h>
#include <sys/utime.h>
#include <assert.h>
#include <errno.h>
#include <fcntl.h>
#include <io.h>
#include <locale.h>
#include <setjmp.h>
#include <signal.h>
#include <stdbool.h>
#include <stdio.h>
#include <stdlib.h>
#include <string.h>
#include <time.h>
#include <process.h>
#include <stddef.h>
#include <malloc.h>
#include <memory.h>
#include <sys/utsname.h>


int main(void){return 0;}

Determining size of ssize_t failed with the following output:
Change Dir: D:/Github/StonksBot/build/CMakeFiles/CMakeTmp

Run Build Command(s):D:/Github/CykaBlyat-Tools/mingw64/bin/ninja.exe cmTC_f086f && [1/2] Building C object CMakeFiles/cmTC_f086f.dir/SIZEOF_SSIZE_T.c.obj
FAILED: CMakeFiles/cmTC_f086f.dir/SIZEOF_SSIZE_T.c.obj 
"D:\Microsoft Visual Studio\2019\Community\VC\Tools\Llvm\x64\bin\clang.exe"   -g -Xclang -gcodeview -O0 -D_DEBUG -D_DLL -D_MT -Xclang --dependent-lib=msvcrtd    -D_WINSOCKAPI_= -DSECURITY_WIN32 -MD -MT CMakeFiles/cmTC_f086f.dir/SIZEOF_SSIZE_T.c.obj -MF CMakeFiles\cmTC_f086f.dir\SIZEOF_SSIZE_T.c.obj.d -o CMakeFiles/cmTC_f086f.dir/SIZEOF_SSIZE_T.c.obj -c D:/Github/StonksBot/build/CMakeFiles/CheckTypeSize/SIZEOF_SSIZE_T.c
D:/Github/StonksBot/build/CMakeFiles/CheckTypeSize/SIZEOF_SSIZE_T.c:28:12: error: use of undeclared identifier 'ssize_t'
  ('0' + ((SIZE / 10000)%10)),
           ^
D:/Github/StonksBot/build/CMakeFiles/CheckTypeSize/SIZEOF_SSIZE_T.c:26:22: note: expanded from macro 'SIZE'
#define SIZE (sizeof(ssize_t))
                     ^
D:/Github/StonksBot/build/CMakeFiles/CheckTypeSize/SIZEOF_SSIZE_T.c:29:12: error: use of undeclared identifier 'ssize_t'
  ('0' + ((SIZE / 1000)%10)),
           ^
D:/Github/StonksBot/build/CMakeFiles/CheckTypeSize/SIZEOF_SSIZE_T.c:26:22: note: expanded from macro 'SIZE'
#define SIZE (sizeof(ssize_t))
                     ^
D:/Github/StonksBot/build/CMakeFiles/CheckTypeSize/SIZEOF_SSIZE_T.c:30:12: error: use of undeclared identifier 'ssize_t'
  ('0' + ((SIZE / 100)%10)),
           ^
D:/Github/StonksBot/build/CMakeFiles/CheckTypeSize/SIZEOF_SSIZE_T.c:26:22: note: expanded from macro 'SIZE'
#define SIZE (sizeof(ssize_t))
                     ^
D:/Github/StonksBot/build/CMakeFiles/CheckTypeSize/SIZEOF_SSIZE_T.c:31:12: error: use of undeclared identifier 'ssize_t'
  ('0' + ((SIZE / 10)%10)),
           ^
D:/Github/StonksBot/build/CMakeFiles/CheckTypeSize/SIZEOF_SSIZE_T.c:26:22: note: expanded from macro 'SIZE'
#define SIZE (sizeof(ssize_t))
                     ^
D:/Github/StonksBot/build/CMakeFiles/CheckTypeSize/SIZEOF_SSIZE_T.c:32:12: error: use of undeclared identifier 'ssize_t'
  ('0' +  (SIZE    % 10)),
           ^
D:/Github/StonksBot/build/CMakeFiles/CheckTypeSize/SIZEOF_SSIZE_T.c:26:22: note: expanded from macro 'SIZE'
#define SIZE (sizeof(ssize_t))
                     ^
5 errors generated.
ninja: build stopped: subcommand failed.


D:/Github/StonksBot/build/CMakeFiles/CheckTypeSize/SIZEOF_SSIZE_T.c:
#include <sys/types.h>
#include <stddef.h>


#undef KEY
#if defined(__i386)
# define KEY '_','_','i','3','8','6'
#elif defined(__x86_64)
# define KEY '_','_','x','8','6','_','6','4'
#elif defined(__PPC64__)
# define KEY '_','_','P','P','C','6','4','_','_'
#elif defined(__ppc64__)
# define KEY '_','_','p','p','c','6','4','_','_'
#elif defined(__PPC__)
# define KEY '_','_','P','P','C','_','_'
#elif defined(__ppc__)
# define KEY '_','_','p','p','c','_','_'
#elif defined(__aarch64__)
# define KEY '_','_','a','a','r','c','h','6','4','_','_'
#elif defined(__ARM_ARCH_7A__)
# define KEY '_','_','A','R','M','_','A','R','C','H','_','7','A','_','_'
#elif defined(__ARM_ARCH_7S__)
# define KEY '_','_','A','R','M','_','A','R','C','H','_','7','S','_','_'
#endif

#define SIZE (sizeof(ssize_t))
static char info_size[] =  {'I', 'N', 'F', 'O', ':', 's','i','z','e','[',
  ('0' + ((SIZE / 10000)%10)),
  ('0' + ((SIZE / 1000)%10)),
  ('0' + ((SIZE / 100)%10)),
  ('0' + ((SIZE / 10)%10)),
  ('0' +  (SIZE    % 10)),
  ']',
#ifdef KEY
  ' ','k','e','y','[', KEY, ']',
#endif
  '\0'};

#ifdef __CLASSIC_C__
int main(argc, argv) int argc; char *argv[];
#else
int main(int argc, char *argv[])
#endif
{
  int require = 0;
  require += info_size[argc];
  (void)argv;
  return require;
}


Determining if the basename exist failed with the following output:
Change Dir: D:/Github/StonksBot/build/CMakeFiles/CMakeTmp

Run Build Command(s):D:/Github/CykaBlyat-Tools/mingw64/bin/ninja.exe cmTC_5fb53 && [1/2] Building C object CMakeFiles/cmTC_5fb53.dir/CheckSymbolExists.c.obj
FAILED: CMakeFiles/cmTC_5fb53.dir/CheckSymbolExists.c.obj 
"D:\Microsoft Visual Studio\2019\Community\VC\Tools\Llvm\x64\bin\clang.exe"   -g -Xclang -gcodeview -O0 -D_DEBUG -D_DLL -D_MT -Xclang --dependent-lib=msvcrtd    -D_WINSOCKAPI_= -DSECURITY_WIN32 -MD -MT CMakeFiles/cmTC_5fb53.dir/CheckSymbolExists.c.obj -MF CMakeFiles\cmTC_5fb53.dir\CheckSymbolExists.c.obj.d -o CMakeFiles/cmTC_5fb53.dir/CheckSymbolExists.c.obj -c CheckSymbolExists.c
CheckSymbolExists.c:31:19: error: use of undeclared identifier 'basename'
  return ((int*)(&basename))[argc];
                  ^
1 error generated.
ninja: build stopped: subcommand failed.


File D:/Github/StonksBot/build/CMakeFiles/CMakeTmp/CheckSymbolExists.c:
/* */
#include <windows.h>
#include <winsock.h>
#include <ws2tcpip.h>
#include <winsock2.h>
#include <stdio.h>
#include <sys/stat.h>
#include <sys/types.h>
#include <sys/utime.h>
#include <assert.h>
#include <errno.h>
#include <fcntl.h>
#include <io.h>
#include <locale.h>
#include <setjmp.h>
#include <signal.h>
#include <stdbool.h>
#include <stdio.h>
#include <stdlib.h>
#include <string.h>
#include <time.h>
#include <process.h>
#include <stddef.h>
#include <malloc.h>
#include <memory.h>

int main(int argc, char** argv)
{
  (void)argv;
#ifndef basename
  return ((int*)(&basename))[argc];
#else
  (void)argc;
  return 0;
#endif
}
Determining if the strncmpi exist failed with the following output:
Change Dir: D:/Github/StonksBot/build/CMakeFiles/CMakeTmp

Run Build Command(s):D:/Github/CykaBlyat-Tools/mingw64/bin/ninja.exe cmTC_40e96 && [1/2] Building C object CMakeFiles/cmTC_40e96.dir/CheckSymbolExists.c.obj
FAILED: CMakeFiles/cmTC_40e96.dir/CheckSymbolExists.c.obj 
"D:\Microsoft Visual Studio\2019\Community\VC\Tools\Llvm\x64\bin\clang.exe"   -g -Xclang -gcodeview -O0 -D_DEBUG -D_DLL -D_MT -Xclang --dependent-lib=msvcrtd    -D_WINSOCKAPI_= -DSECURITY_WIN32 -MD -MT CMakeFiles/cmTC_40e96.dir/CheckSymbolExists.c.obj -MF CMakeFiles\cmTC_40e96.dir\CheckSymbolExists.c.obj.d -o CMakeFiles/cmTC_40e96.dir/CheckSymbolExists.c.obj -c CheckSymbolExists.c
CheckSymbolExists.c:31:19: error: use of undeclared identifier 'strncmpi'
  return ((int*)(&strncmpi))[argc];
                  ^
1 error generated.
ninja: build stopped: subcommand failed.


File D:/Github/StonksBot/build/CMakeFiles/CMakeTmp/CheckSymbolExists.c:
/* */
#include <windows.h>
#include <winsock.h>
#include <ws2tcpip.h>
#include <winsock2.h>
#include <stdio.h>
#include <sys/stat.h>
#include <sys/types.h>
#include <sys/utime.h>
#include <assert.h>
#include <errno.h>
#include <fcntl.h>
#include <io.h>
#include <locale.h>
#include <setjmp.h>
#include <signal.h>
#include <stdbool.h>
#include <stdio.h>
#include <stdlib.h>
#include <string.h>
#include <time.h>
#include <process.h>
#include <stddef.h>
#include <malloc.h>
#include <memory.h>

int main(int argc, char** argv)
{
  (void)argv;
#ifndef strncmpi
  return ((int*)(&strncmpi))[argc];
#else
  (void)argc;
  return 0;
#endif
}
Determining if the alarm exist failed with the following output:
Change Dir: D:/Github/StonksBot/build/CMakeFiles/CMakeTmp

Run Build Command(s):D:/Github/CykaBlyat-Tools/mingw64/bin/ninja.exe cmTC_ab8de && [1/2] Building C object CMakeFiles/cmTC_ab8de.dir/CheckSymbolExists.c.obj
FAILED: CMakeFiles/cmTC_ab8de.dir/CheckSymbolExists.c.obj 
"D:\Microsoft Visual Studio\2019\Community\VC\Tools\Llvm\x64\bin\clang.exe"   -g -Xclang -gcodeview -O0 -D_DEBUG -D_DLL -D_MT -Xclang --dependent-lib=msvcrtd    -D_WINSOCKAPI_= -DSECURITY_WIN32 -MD -MT CMakeFiles/cmTC_ab8de.dir/CheckSymbolExists.c.obj -MF CMakeFiles\cmTC_ab8de.dir\CheckSymbolExists.c.obj.d -o CMakeFiles/cmTC_ab8de.dir/CheckSymbolExists.c.obj -c CheckSymbolExists.c
CheckSymbolExists.c:31:19: error: use of undeclared identifier 'alarm'
  return ((int*)(&alarm))[argc];
                  ^
1 error generated.
ninja: build stopped: subcommand failed.


File D:/Github/StonksBot/build/CMakeFiles/CMakeTmp/CheckSymbolExists.c:
/* */
#include <windows.h>
#include <winsock.h>
#include <ws2tcpip.h>
#include <winsock2.h>
#include <stdio.h>
#include <sys/stat.h>
#include <sys/types.h>
#include <sys/utime.h>
#include <assert.h>
#include <errno.h>
#include <fcntl.h>
#include <io.h>
#include <locale.h>
#include <setjmp.h>
#include <signal.h>
#include <stdbool.h>
#include <stdio.h>
#include <stdlib.h>
#include <string.h>
#include <time.h>
#include <process.h>
#include <stddef.h>
#include <malloc.h>
#include <memory.h>

int main(int argc, char** argv)
{
  (void)argv;
#ifndef alarm
  return ((int*)(&alarm))[argc];
#else
  (void)argc;
  return 0;
#endif
}
Determining if the getpwuid_r exist failed with the following output:
Change Dir: D:/Github/StonksBot/build/CMakeFiles/CMakeTmp

Run Build Command(s):D:/Github/CykaBlyat-Tools/mingw64/bin/ninja.exe cmTC_4e91f && [1/2] Building C object CMakeFiles/cmTC_4e91f.dir/CheckSymbolExists.c.obj
FAILED: CMakeFiles/cmTC_4e91f.dir/CheckSymbolExists.c.obj 
"D:\Microsoft Visual Studio\2019\Community\VC\Tools\Llvm\x64\bin\clang.exe"   -g -Xclang -gcodeview -O0 -D_DEBUG -D_DLL -D_MT -Xclang --dependent-lib=msvcrtd    -D_WINSOCKAPI_= -DSECURITY_WIN32 -MD -MT CMakeFiles/cmTC_4e91f.dir/CheckSymbolExists.c.obj -MF CMakeFiles\cmTC_4e91f.dir\CheckSymbolExists.c.obj.d -o CMakeFiles/cmTC_4e91f.dir/CheckSymbolExists.c.obj -c CheckSymbolExists.c
CheckSymbolExists.c:31:19: error: use of undeclared identifier 'getpwuid_r'
  return ((int*)(&getpwuid_r))[argc];
                  ^
1 error generated.
ninja: build stopped: subcommand failed.


File D:/Github/StonksBot/build/CMakeFiles/CMakeTmp/CheckSymbolExists.c:
/* */
#include <windows.h>
#include <winsock.h>
#include <ws2tcpip.h>
#include <winsock2.h>
#include <stdio.h>
#include <sys/stat.h>
#include <sys/types.h>
#include <sys/utime.h>
#include <assert.h>
#include <errno.h>
#include <fcntl.h>
#include <io.h>
#include <locale.h>
#include <setjmp.h>
#include <signal.h>
#include <stdbool.h>
#include <stdio.h>
#include <stdlib.h>
#include <string.h>
#include <time.h>
#include <process.h>
#include <stddef.h>
#include <malloc.h>
#include <memory.h>

int main(int argc, char** argv)
{
  (void)argv;
#ifndef getpwuid_r
  return ((int*)(&getpwuid_r))[argc];
#else
  (void)argc;
  return 0;
#endif
}
Determining if the usleep exist failed with the following output:
Change Dir: D:/Github/StonksBot/build/CMakeFiles/CMakeTmp

Run Build Command(s):D:/Github/CykaBlyat-Tools/mingw64/bin/ninja.exe cmTC_7b156 && [1/2] Building C object CMakeFiles/cmTC_7b156.dir/CheckSymbolExists.c.obj
FAILED: CMakeFiles/cmTC_7b156.dir/CheckSymbolExists.c.obj 
"D:\Microsoft Visual Studio\2019\Community\VC\Tools\Llvm\x64\bin\clang.exe"   -g -Xclang -gcodeview -O0 -D_DEBUG -D_DLL -D_MT -Xclang --dependent-lib=msvcrtd    -D_WINSOCKAPI_= -DSECURITY_WIN32 -MD -MT CMakeFiles/cmTC_7b156.dir/CheckSymbolExists.c.obj -MF CMakeFiles\cmTC_7b156.dir\CheckSymbolExists.c.obj.d -o CMakeFiles/cmTC_7b156.dir/CheckSymbolExists.c.obj -c CheckSymbolExists.c
CheckSymbolExists.c:31:19: error: use of undeclared identifier 'usleep'; did you mean '_sleep'?
  return ((int*)(&usleep))[argc];
                  ^~~~~~
                  _sleep
D:\Windows Kits\10\include\10.0.19041.0\ucrt\stdlib.h:1267:27: note: '_sleep' declared here
    _DCRTIMP void __cdecl _sleep(
                          ^
1 error generated.
ninja: build stopped: subcommand failed.


File D:/Github/StonksBot/build/CMakeFiles/CMakeTmp/CheckSymbolExists.c:
/* */
#include <windows.h>
#include <winsock.h>
#include <ws2tcpip.h>
#include <winsock2.h>
#include <stdio.h>
#include <sys/stat.h>
#include <sys/types.h>
#include <sys/utime.h>
#include <assert.h>
#include <errno.h>
#include <fcntl.h>
#include <io.h>
#include <locale.h>
#include <setjmp.h>
#include <signal.h>
#include <stdbool.h>
#include <stdio.h>
#include <stdlib.h>
#include <string.h>
#include <time.h>
#include <process.h>
#include <stddef.h>
#include <malloc.h>
#include <memory.h>

int main(int argc, char** argv)
{
  (void)argv;
#ifndef usleep
  return ((int*)(&usleep))[argc];
#else
  (void)argc;
  return 0;
#endif
}
Determining if the strerror_r exist failed with the following output:
Change Dir: D:/Github/StonksBot/build/CMakeFiles/CMakeTmp

Run Build Command(s):D:/Github/CykaBlyat-Tools/mingw64/bin/ninja.exe cmTC_1c285 && [1/2] Building C object CMakeFiles/cmTC_1c285.dir/CheckSymbolExists.c.obj
FAILED: CMakeFiles/cmTC_1c285.dir/CheckSymbolExists.c.obj 
"D:\Microsoft Visual Studio\2019\Community\VC\Tools\Llvm\x64\bin\clang.exe"   -g -Xclang -gcodeview -O0 -D_DEBUG -D_DLL -D_MT -Xclang --dependent-lib=msvcrtd    -D_WINSOCKAPI_= -DSECURITY_WIN32 -MD -MT CMakeFiles/cmTC_1c285.dir/CheckSymbolExists.c.obj -MF CMakeFiles\cmTC_1c285.dir\CheckSymbolExists.c.obj.d -o CMakeFiles/cmTC_1c285.dir/CheckSymbolExists.c.obj -c CheckSymbolExists.c
CheckSymbolExists.c:31:19: error: use of undeclared identifier 'strerror_r'; did you mean 'strerror_s'?
  return ((int*)(&strerror_r))[argc];
                  ^~~~~~~~~~
                  strerror_s
D:\Windows Kits\10\include\10.0.19041.0\ucrt\string.h:46:30: note: 'strerror_s' declared here
    _ACRTIMP errno_t __cdecl strerror_s(
                             ^
1 error generated.
ninja: build stopped: subcommand failed.


File D:/Github/StonksBot/build/CMakeFiles/CMakeTmp/CheckSymbolExists.c:
/* */
#include <windows.h>
#include <winsock.h>
#include <ws2tcpip.h>
#include <winsock2.h>
#include <stdio.h>
#include <sys/stat.h>
#include <sys/types.h>
#include <sys/utime.h>
#include <assert.h>
#include <errno.h>
#include <fcntl.h>
#include <io.h>
#include <locale.h>
#include <setjmp.h>
#include <signal.h>
#include <stdbool.h>
#include <stdio.h>
#include <stdlib.h>
#include <string.h>
#include <time.h>
#include <process.h>
#include <stddef.h>
#include <malloc.h>
#include <memory.h>

int main(int argc, char** argv)
{
  (void)argv;
#ifndef strerror_r
  return ((int*)(&strerror_r))[argc];
#else
  (void)argc;
  return 0;
#endif
}
Determining if the siginterrupt exist failed with the following output:
Change Dir: D:/Github/StonksBot/build/CMakeFiles/CMakeTmp

Run Build Command(s):D:/Github/CykaBlyat-Tools/mingw64/bin/ninja.exe cmTC_a3653 && [1/2] Building C object CMakeFiles/cmTC_a3653.dir/CheckSymbolExists.c.obj
FAILED: CMakeFiles/cmTC_a3653.dir/CheckSymbolExists.c.obj 
"D:\Microsoft Visual Studio\2019\Community\VC\Tools\Llvm\x64\bin\clang.exe"   -g -Xclang -gcodeview -O0 -D_DEBUG -D_DLL -D_MT -Xclang --dependent-lib=msvcrtd    -D_WINSOCKAPI_= -DSECURITY_WIN32 -MD -MT CMakeFiles/cmTC_a3653.dir/CheckSymbolExists.c.obj -MF CMakeFiles\cmTC_a3653.dir\CheckSymbolExists.c.obj.d -o CMakeFiles/cmTC_a3653.dir/CheckSymbolExists.c.obj -c CheckSymbolExists.c
CheckSymbolExists.c:31:19: error: use of undeclared identifier 'siginterrupt'
  return ((int*)(&siginterrupt))[argc];
                  ^
1 error generated.
ninja: build stopped: subcommand failed.


File D:/Github/StonksBot/build/CMakeFiles/CMakeTmp/CheckSymbolExists.c:
/* */
#include <windows.h>
#include <winsock.h>
#include <ws2tcpip.h>
#include <winsock2.h>
#include <stdio.h>
#include <sys/stat.h>
#include <sys/types.h>
#include <sys/utime.h>
#include <assert.h>
#include <errno.h>
#include <fcntl.h>
#include <io.h>
#include <locale.h>
#include <setjmp.h>
#include <signal.h>
#include <stdbool.h>
#include <stdio.h>
#include <stdlib.h>
#include <string.h>
#include <time.h>
#include <process.h>
#include <stddef.h>
#include <malloc.h>
#include <memory.h>

int main(int argc, char** argv)
{
  (void)argv;
#ifndef siginterrupt
  return ((int*)(&siginterrupt))[argc];
#else
  (void)argc;
  return 0;
#endif
}
Determining if the fork exist failed with the following output:
Change Dir: D:/Github/StonksBot/build/CMakeFiles/CMakeTmp

Run Build Command(s):D:/Github/CykaBlyat-Tools/mingw64/bin/ninja.exe cmTC_64f6e && [1/2] Building C object CMakeFiles/cmTC_64f6e.dir/CheckSymbolExists.c.obj
FAILED: CMakeFiles/cmTC_64f6e.dir/CheckSymbolExists.c.obj 
"D:\Microsoft Visual Studio\2019\Community\VC\Tools\Llvm\x64\bin\clang.exe"   -g -Xclang -gcodeview -O0 -D_DEBUG -D_DLL -D_MT -Xclang --dependent-lib=msvcrtd    -D_WINSOCKAPI_= -DSECURITY_WIN32 -MD -MT CMakeFiles/cmTC_64f6e.dir/CheckSymbolExists.c.obj -MF CMakeFiles\cmTC_64f6e.dir\CheckSymbolExists.c.obj.d -o CMakeFiles/cmTC_64f6e.dir/CheckSymbolExists.c.obj -c CheckSymbolExists.c
CheckSymbolExists.c:31:19: error: use of undeclared identifier 'fork'
  return ((int*)(&fork))[argc];
                  ^
1 error generated.
ninja: build stopped: subcommand failed.


File D:/Github/StonksBot/build/CMakeFiles/CMakeTmp/CheckSymbolExists.c:
/* */
#include <windows.h>
#include <winsock.h>
#include <ws2tcpip.h>
#include <winsock2.h>
#include <stdio.h>
#include <sys/stat.h>
#include <sys/types.h>
#include <sys/utime.h>
#include <assert.h>
#include <errno.h>
#include <fcntl.h>
#include <io.h>
#include <locale.h>
#include <setjmp.h>
#include <signal.h>
#include <stdbool.h>
#include <stdio.h>
#include <stdlib.h>
#include <string.h>
#include <time.h>
#include <process.h>
#include <stddef.h>
#include <malloc.h>
#include <memory.h>

int main(int argc, char** argv)
{
  (void)argv;
#ifndef fork
  return ((int*)(&fork))[argc];
#else
  (void)argc;
  return 0;
#endif
}
Determining if the freeifaddrs exist failed with the following output:
Change Dir: D:/Github/StonksBot/build/CMakeFiles/CMakeTmp

Run Build Command(s):D:/Github/CykaBlyat-Tools/mingw64/bin/ninja.exe cmTC_153c0 && [1/2] Building C object CMakeFiles/cmTC_153c0.dir/CheckSymbolExists.c.obj
FAILED: CMakeFiles/cmTC_153c0.dir/CheckSymbolExists.c.obj 
"D:\Microsoft Visual Studio\2019\Community\VC\Tools\Llvm\x64\bin\clang.exe"   -g -Xclang -gcodeview -O0 -D_DEBUG -D_DLL -D_MT -Xclang --dependent-lib=msvcrtd    -D_WINSOCKAPI_= -DSECURITY_WIN32 -MD -MT CMakeFiles/cmTC_153c0.dir/CheckSymbolExists.c.obj -MF CMakeFiles\cmTC_153c0.dir\CheckSymbolExists.c.obj.d -o CMakeFiles/cmTC_153c0.dir/CheckSymbolExists.c.obj -c CheckSymbolExists.c
CheckSymbolExists.c:31:19: error: use of undeclared identifier 'freeifaddrs'
  return ((int*)(&freeifaddrs))[argc];
                  ^
1 error generated.
ninja: build stopped: subcommand failed.


File D:/Github/StonksBot/build/CMakeFiles/CMakeTmp/CheckSymbolExists.c:
/* */
#include <windows.h>
#include <winsock.h>
#include <ws2tcpip.h>
#include <winsock2.h>
#include <stdio.h>
#include <sys/stat.h>
#include <sys/types.h>
#include <sys/utime.h>
#include <assert.h>
#include <errno.h>
#include <fcntl.h>
#include <io.h>
#include <locale.h>
#include <setjmp.h>
#include <signal.h>
#include <stdbool.h>
#include <stdio.h>
#include <stdlib.h>
#include <string.h>
#include <time.h>
#include <process.h>
#include <stddef.h>
#include <malloc.h>
#include <memory.h>

int main(int argc, char** argv)
{
  (void)argv;
#ifndef freeifaddrs
  return ((int*)(&freeifaddrs))[argc];
#else
  (void)argc;
  return 0;
#endif
}
Determining if the pipe exist failed with the following output:
Change Dir: D:/Github/StonksBot/build/CMakeFiles/CMakeTmp

Run Build Command(s):D:/Github/CykaBlyat-Tools/mingw64/bin/ninja.exe cmTC_e5b49 && [1/2] Building C object CMakeFiles/cmTC_e5b49.dir/CheckSymbolExists.c.obj
FAILED: CMakeFiles/cmTC_e5b49.dir/CheckSymbolExists.c.obj 
"D:\Microsoft Visual Studio\2019\Community\VC\Tools\Llvm\x64\bin\clang.exe"   -g -Xclang -gcodeview -O0 -D_DEBUG -D_DLL -D_MT -Xclang --dependent-lib=msvcrtd    -D_WINSOCKAPI_= -DSECURITY_WIN32 -MD -MT CMakeFiles/cmTC_e5b49.dir/CheckSymbolExists.c.obj -MF CMakeFiles\cmTC_e5b49.dir\CheckSymbolExists.c.obj.d -o CMakeFiles/cmTC_e5b49.dir/CheckSymbolExists.c.obj -c CheckSymbolExists.c
CheckSymbolExists.c:31:19: error: use of undeclared identifier 'pipe'; did you mean '_pipe'?
  return ((int*)(&pipe))[argc];
                  ^~~~
                  _pipe
D:\Windows Kits\10\include\10.0.19041.0\ucrt\corecrt_io.h:243:30: note: '_pipe' declared here
        _DCRTIMP int __cdecl _pipe(
                             ^
1 error generated.
ninja: build stopped: subcommand failed.


File D:/Github/StonksBot/build/CMakeFiles/CMakeTmp/CheckSymbolExists.c:
/* */
#include <windows.h>
#include <winsock.h>
#include <ws2tcpip.h>
#include <winsock2.h>
#include <stdio.h>
#include <sys/stat.h>
#include <sys/types.h>
#include <sys/utime.h>
#include <assert.h>
#include <errno.h>
#include <fcntl.h>
#include <io.h>
#include <locale.h>
#include <setjmp.h>
#include <signal.h>
#include <stdbool.h>
#include <stdio.h>
#include <stdlib.h>
#include <string.h>
#include <time.h>
#include <process.h>
#include <stddef.h>
#include <malloc.h>
#include <memory.h>

int main(int argc, char** argv)
{
  (void)argv;
#ifndef pipe
  return ((int*)(&pipe))[argc];
#else
  (void)argc;
  return 0;
#endif
}
Determining if the ftruncate exist failed with the following output:
Change Dir: D:/Github/StonksBot/build/CMakeFiles/CMakeTmp

Run Build Command(s):D:/Github/CykaBlyat-Tools/mingw64/bin/ninja.exe cmTC_c5a3b && [1/2] Building C object CMakeFiles/cmTC_c5a3b.dir/CheckSymbolExists.c.obj
FAILED: CMakeFiles/cmTC_c5a3b.dir/CheckSymbolExists.c.obj 
"D:\Microsoft Visual Studio\2019\Community\VC\Tools\Llvm\x64\bin\clang.exe"   -g -Xclang -gcodeview -O0 -D_DEBUG -D_DLL -D_MT -Xclang --dependent-lib=msvcrtd    -D_WINSOCKAPI_= -DSECURITY_WIN32 -MD -MT CMakeFiles/cmTC_c5a3b.dir/CheckSymbolExists.c.obj -MF CMakeFiles\cmTC_c5a3b.dir\CheckSymbolExists.c.obj.d -o CMakeFiles/cmTC_c5a3b.dir/CheckSymbolExists.c.obj -c CheckSymbolExists.c
CheckSymbolExists.c:31:19: error: use of undeclared identifier 'ftruncate'; did you mean 'strncat'?
  return ((int*)(&ftruncate))[argc];
                  ^~~~~~~~~
                  strncat
D:\Windows Kits\10\include\10.0.19041.0\ucrt\string.h:263:43: note: 'strncat' declared here
    char*, __RETURN_POLICY_DST, _ACRTIMP, strncat, strncat_s,
                                          ^
1 error generated.
ninja: build stopped: subcommand failed.


File D:/Github/StonksBot/build/CMakeFiles/CMakeTmp/CheckSymbolExists.c:
/* */
#include <windows.h>
#include <winsock.h>
#include <ws2tcpip.h>
#include <winsock2.h>
#include <stdio.h>
#include <sys/stat.h>
#include <sys/types.h>
#include <sys/utime.h>
#include <assert.h>
#include <errno.h>
#include <fcntl.h>
#include <io.h>
#include <locale.h>
#include <setjmp.h>
#include <signal.h>
#include <stdbool.h>
#include <stdio.h>
#include <stdlib.h>
#include <string.h>
#include <time.h>
#include <process.h>
#include <stddef.h>
#include <malloc.h>
#include <memory.h>

int main(int argc, char** argv)
{
  (void)argv;
#ifndef ftruncate
  return ((int*)(&ftruncate))[argc];
#else
  (void)argc;
  return 0;
#endif
}
Determining if the if_nametoindex exist failed with the following output:
Change Dir: D:/Github/StonksBot/build/CMakeFiles/CMakeTmp

Run Build Command(s):D:/Github/CykaBlyat-Tools/mingw64/bin/ninja.exe cmTC_f1f52 && [1/2] Building C object CMakeFiles/cmTC_f1f52.dir/CheckSymbolExists.c.obj
FAILED: CMakeFiles/cmTC_f1f52.dir/CheckSymbolExists.c.obj 
"D:\Microsoft Visual Studio\2019\Community\VC\Tools\Llvm\x64\bin\clang.exe"   -g -Xclang -gcodeview -O0 -D_DEBUG -D_DLL -D_MT -Xclang --dependent-lib=msvcrtd    -D_WINSOCKAPI_= -DSECURITY_WIN32 -MD -MT CMakeFiles/cmTC_f1f52.dir/CheckSymbolExists.c.obj -MF CMakeFiles\cmTC_f1f52.dir\CheckSymbolExists.c.obj.d -o CMakeFiles/cmTC_f1f52.dir/CheckSymbolExists.c.obj -c CheckSymbolExists.c
CheckSymbolExists.c:31:19: error: use of undeclared identifier 'if_nametoindex'
  return ((int*)(&if_nametoindex))[argc];
                  ^
1 error generated.
ninja: build stopped: subcommand failed.


File D:/Github/StonksBot/build/CMakeFiles/CMakeTmp/CheckSymbolExists.c:
/* */
#include <windows.h>
#include <winsock.h>
#include <ws2tcpip.h>
#include <winsock2.h>
#include <stdio.h>
#include <sys/stat.h>
#include <sys/types.h>
#include <sys/utime.h>
#include <assert.h>
#include <errno.h>
#include <fcntl.h>
#include <io.h>
#include <locale.h>
#include <setjmp.h>
#include <signal.h>
#include <stdbool.h>
#include <stdio.h>
#include <stdlib.h>
#include <string.h>
#include <time.h>
#include <process.h>
#include <stddef.h>
#include <malloc.h>
#include <memory.h>

int main(int argc, char** argv)
{
  (void)argv;
#ifndef if_nametoindex
  return ((int*)(&if_nametoindex))[argc];
#else
  (void)argc;
  return 0;
#endif
}
Determining if the getrlimit exist failed with the following output:
Change Dir: D:/Github/StonksBot/build/CMakeFiles/CMakeTmp

Run Build Command(s):D:/Github/CykaBlyat-Tools/mingw64/bin/ninja.exe cmTC_00a64 && [1/2] Building C object CMakeFiles/cmTC_00a64.dir/CheckSymbolExists.c.obj
FAILED: CMakeFiles/cmTC_00a64.dir/CheckSymbolExists.c.obj 
"D:\Microsoft Visual Studio\2019\Community\VC\Tools\Llvm\x64\bin\clang.exe"   -g -Xclang -gcodeview -O0 -D_DEBUG -D_DLL -D_MT -Xclang --dependent-lib=msvcrtd    -D_WINSOCKAPI_= -DSECURITY_WIN32 -MD -MT CMakeFiles/cmTC_00a64.dir/CheckSymbolExists.c.obj -MF CMakeFiles\cmTC_00a64.dir\CheckSymbolExists.c.obj.d -o CMakeFiles/cmTC_00a64.dir/CheckSymbolExists.c.obj -c CheckSymbolExists.c
CheckSymbolExists.c:31:19: error: use of undeclared identifier 'getrlimit'
  return ((int*)(&getrlimit))[argc];
                  ^
1 error generated.
ninja: build stopped: subcommand failed.


File D:/Github/StonksBot/build/CMakeFiles/CMakeTmp/CheckSymbolExists.c:
/* */
#include <windows.h>
#include <winsock.h>
#include <ws2tcpip.h>
#include <winsock2.h>
#include <stdio.h>
#include <sys/stat.h>
#include <sys/types.h>
#include <sys/utime.h>
#include <assert.h>
#include <errno.h>
#include <fcntl.h>
#include <io.h>
#include <locale.h>
#include <setjmp.h>
#include <signal.h>
#include <stdbool.h>
#include <stdio.h>
#include <stdlib.h>
#include <string.h>
#include <time.h>
#include <process.h>
#include <stddef.h>
#include <malloc.h>
#include <memory.h>

int main(int argc, char** argv)
{
  (void)argv;
#ifndef getrlimit
  return ((int*)(&getrlimit))[argc];
#else
  (void)argc;
  return 0;
#endif
}
Determining if the setrlimit exist failed with the following output:
Change Dir: D:/Github/StonksBot/build/CMakeFiles/CMakeTmp

Run Build Command(s):D:/Github/CykaBlyat-Tools/mingw64/bin/ninja.exe cmTC_3d98e && [1/2] Building C object CMakeFiles/cmTC_3d98e.dir/CheckSymbolExists.c.obj
FAILED: CMakeFiles/cmTC_3d98e.dir/CheckSymbolExists.c.obj 
"D:\Microsoft Visual Studio\2019\Community\VC\Tools\Llvm\x64\bin\clang.exe"   -g -Xclang -gcodeview -O0 -D_DEBUG -D_DLL -D_MT -Xclang --dependent-lib=msvcrtd    -D_WINSOCKAPI_= -DSECURITY_WIN32 -MD -MT CMakeFiles/cmTC_3d98e.dir/CheckSymbolExists.c.obj -MF CMakeFiles\cmTC_3d98e.dir\CheckSymbolExists.c.obj.d -o CMakeFiles/cmTC_3d98e.dir/CheckSymbolExists.c.obj -c CheckSymbolExists.c
CheckSymbolExists.c:31:19: error: use of undeclared identifier 'setrlimit'
  return ((int*)(&setrlimit))[argc];
                  ^
1 error generated.
ninja: build stopped: subcommand failed.


File D:/Github/StonksBot/build/CMakeFiles/CMakeTmp/CheckSymbolExists.c:
/* */
#include <windows.h>
#include <winsock.h>
#include <ws2tcpip.h>
#include <winsock2.h>
#include <stdio.h>
#include <sys/stat.h>
#include <sys/types.h>
#include <sys/utime.h>
#include <assert.h>
#include <errno.h>
#include <fcntl.h>
#include <io.h>
#include <locale.h>
#include <setjmp.h>
#include <signal.h>
#include <stdbool.h>
#include <stdio.h>
#include <stdlib.h>
#include <string.h>
#include <time.h>
#include <process.h>
#include <stddef.h>
#include <malloc.h>
#include <memory.h>

int main(int argc, char** argv)
{
  (void)argv;
#ifndef setrlimit
  return ((int*)(&setrlimit))[argc];
#else
  (void)argc;
  return 0;
#endif
}
Determining if the fcntl exist failed with the following output:
Change Dir: D:/Github/StonksBot/build/CMakeFiles/CMakeTmp

Run Build Command(s):D:/Github/CykaBlyat-Tools/mingw64/bin/ninja.exe cmTC_32c94 && [1/2] Building C object CMakeFiles/cmTC_32c94.dir/CheckSymbolExists.c.obj
FAILED: CMakeFiles/cmTC_32c94.dir/CheckSymbolExists.c.obj 
"D:\Microsoft Visual Studio\2019\Community\VC\Tools\Llvm\x64\bin\clang.exe"   -g -Xclang -gcodeview -O0 -D_DEBUG -D_DLL -D_MT -Xclang --dependent-lib=msvcrtd    -D_WINSOCKAPI_= -DSECURITY_WIN32 -MD -MT CMakeFiles/cmTC_32c94.dir/CheckSymbolExists.c.obj -MF CMakeFiles\cmTC_32c94.dir\CheckSymbolExists.c.obj.d -o CMakeFiles/cmTC_32c94.dir/CheckSymbolExists.c.obj -c CheckSymbolExists.c
CheckSymbolExists.c:31:19: error: use of undeclared identifier 'fcntl'
  return ((int*)(&fcntl))[argc];
                  ^
1 error generated.
ninja: build stopped: subcommand failed.


File D:/Github/StonksBot/build/CMakeFiles/CMakeTmp/CheckSymbolExists.c:
/* */
#include <windows.h>
#include <winsock.h>
#include <ws2tcpip.h>
#include <winsock2.h>
#include <stdio.h>
#include <sys/stat.h>
#include <sys/types.h>
#include <sys/utime.h>
#include <assert.h>
#include <errno.h>
#include <fcntl.h>
#include <io.h>
#include <locale.h>
#include <setjmp.h>
#include <signal.h>
#include <stdbool.h>
#include <stdio.h>
#include <stdlib.h>
#include <string.h>
#include <time.h>
#include <process.h>
#include <stddef.h>
#include <malloc.h>
#include <memory.h>

int main(int argc, char** argv)
{
  (void)argv;
#ifndef fcntl
  return ((int*)(&fcntl))[argc];
#else
  (void)argc;
  return 0;
#endif
}
Determining if the ioctl exist failed with the following output:
Change Dir: D:/Github/StonksBot/build/CMakeFiles/CMakeTmp

Run Build Command(s):D:/Github/CykaBlyat-Tools/mingw64/bin/ninja.exe cmTC_a9a14 && [1/2] Building C object CMakeFiles/cmTC_a9a14.dir/CheckSymbolExists.c.obj
FAILED: CMakeFiles/cmTC_a9a14.dir/CheckSymbolExists.c.obj 
"D:\Microsoft Visual Studio\2019\Community\VC\Tools\Llvm\x64\bin\clang.exe"   -g -Xclang -gcodeview -O0 -D_DEBUG -D_DLL -D_MT -Xclang --dependent-lib=msvcrtd    -D_WINSOCKAPI_= -DSECURITY_WIN32 -MD -MT CMakeFiles/cmTC_a9a14.dir/CheckSymbolExists.c.obj -MF CMakeFiles\cmTC_a9a14.dir\CheckSymbolExists.c.obj.d -o CMakeFiles/cmTC_a9a14.dir/CheckSymbolExists.c.obj -c CheckSymbolExists.c
CheckSymbolExists.c:31:19: error: use of undeclared identifier 'ioctl'
  return ((int*)(&ioctl))[argc];
                  ^
1 error generated.
ninja: build stopped: subcommand failed.


File D:/Github/StonksBot/build/CMakeFiles/CMakeTmp/CheckSymbolExists.c:
/* */
#include <windows.h>
#include <winsock.h>
#include <ws2tcpip.h>
#include <winsock2.h>
#include <stdio.h>
#include <sys/stat.h>
#include <sys/types.h>
#include <sys/utime.h>
#include <assert.h>
#include <errno.h>
#include <fcntl.h>
#include <io.h>
#include <locale.h>
#include <setjmp.h>
#include <signal.h>
#include <stdbool.h>
#include <stdio.h>
#include <stdlib.h>
#include <string.h>
#include <time.h>
#include <process.h>
#include <stddef.h>
#include <malloc.h>
#include <memory.h>

int main(int argc, char** argv)
{
  (void)argv;
#ifndef ioctl
  return ((int*)(&ioctl))[argc];
#else
  (void)argc;
  return 0;
#endif
}
Determining if the function mach_absolute_time exists failed with the following output:
Change Dir: D:/Github/StonksBot/build/CMakeFiles/CMakeTmp

Run Build Command(s):D:/Github/CykaBlyat-Tools/mingw64/bin/ninja.exe cmTC_5e6ff && [1/2] Building C object CMakeFiles/cmTC_5e6ff.dir/CheckFunctionExists.c.obj
[2/2] Linking C executable cmTC_5e6ff.exe
FAILED: cmTC_5e6ff.exe 
cmd.exe /C "cd . && "D:\Microsoft Visual Studio\2019\Community\VC\Tools\Llvm\x64\bin\clang.exe" -fuse-ld=lld-link -nostartfiles -nostdlib -DCHECK_FUNCTION_EXISTS=mach_absolute_time -g -Xclang -gcodeview -O0 -D_DEBUG -D_DLL -D_MT -Xclang --dependent-lib=msvcrtd -static-libgcc -static-libstdc++   -Xlinker /subsystem:console CMakeFiles/cmTC_5e6ff.dir/CheckFunctionExists.c.obj -o cmTC_5e6ff.exe -Xlinker /implib:cmTC_5e6ff.lib -Xlinker /pdb:cmTC_5e6ff.pdb -Xlinker /version:0.0   -lws2_32.lib  -lkernel32 -luser32 -lgdi32 -lwinspool -lshell32 -lole32 -loleaut32 -luuid -lcomdlg32 -ladvapi32 -loldnames && cd ."
clang: warning: argument unused during compilation: '-static-libgcc' [-Wunused-command-line-argument]
clang: warning: argument unused during compilation: '-static-libstdc++' [-Wunused-command-line-argument]
lld-link: error: undefined symbol: mach_absolute_time
>>> referenced by D:\CMake\share\cmake-3.20\Modules\CheckFunctionExists.c:17
>>>               CMakeFiles/cmTC_5e6ff.dir/CheckFunctionExists.c.obj:(main)
clang: error: linker command failed with exit code 1 (use -v to see invocation)
ninja: build stopped: subcommand failed.



Determining if the fsetxattr exist failed with the following output:
Change Dir: D:/Github/StonksBot/build/CMakeFiles/CMakeTmp

Run Build Command(s):D:/Github/CykaBlyat-Tools/mingw64/bin/ninja.exe cmTC_e2824 && [1/2] Building C object CMakeFiles/cmTC_e2824.dir/CheckSymbolExists.c.obj
FAILED: CMakeFiles/cmTC_e2824.dir/CheckSymbolExists.c.obj 
"D:\Microsoft Visual Studio\2019\Community\VC\Tools\Llvm\x64\bin\clang.exe"   -g -Xclang -gcodeview -O0 -D_DEBUG -D_DLL -D_MT -Xclang --dependent-lib=msvcrtd    -D_WINSOCKAPI_= -DSECURITY_WIN32 -MD -MT CMakeFiles/cmTC_e2824.dir/CheckSymbolExists.c.obj -MF CMakeFiles\cmTC_e2824.dir\CheckSymbolExists.c.obj.d -o CMakeFiles/cmTC_e2824.dir/CheckSymbolExists.c.obj -c CheckSymbolExists.c
CheckSymbolExists.c:31:19: error: use of undeclared identifier 'fsetxattr'
  return ((int*)(&fsetxattr))[argc];
                  ^
1 error generated.
ninja: build stopped: subcommand failed.


File D:/Github/StonksBot/build/CMakeFiles/CMakeTmp/CheckSymbolExists.c:
/* */
#include <windows.h>
#include <winsock.h>
#include <ws2tcpip.h>
#include <winsock2.h>
#include <stdio.h>
#include <sys/stat.h>
#include <sys/types.h>
#include <sys/utime.h>
#include <assert.h>
#include <errno.h>
#include <fcntl.h>
#include <io.h>
#include <locale.h>
#include <setjmp.h>
#include <signal.h>
#include <stdbool.h>
#include <stdio.h>
#include <stdlib.h>
#include <string.h>
#include <time.h>
#include <process.h>
#include <stddef.h>
#include <malloc.h>
#include <memory.h>

int main(int argc, char** argv)
{
  (void)argv;
#ifndef fsetxattr
  return ((int*)(&fsetxattr))[argc];
#else
  (void)argc;
  return 0;
#endif
}
Performing Curl Test HAVE_FCNTL_O_NONBLOCK failed with the following output:
Change Dir: D:/Github/StonksBot/build/CMakeFiles/CMakeTmp

Run Build Command(s):D:/Github/CykaBlyat-Tools/mingw64/bin/ninja.exe cmTC_6cd2d && [1/2] Building C object CMakeFiles/cmTC_6cd2d.dir/CurlTests.c.obj
FAILED: CMakeFiles/cmTC_6cd2d.dir/CurlTests.c.obj 
"D:\Microsoft Visual Studio\2019\Community\VC\Tools\Llvm\x64\bin\clang.exe"   -DHAVE_FCNTL_O_NONBLOCK  -DHAVE_WINDOWS_H -DHAVE_WINSOCK_H -DHAVE_WS2TCPIP_H -DHAVE_WINSOCK2_H -DHAVE_STDIO_H -DHAVE_SYS_STAT_H -DHAVE_SYS_TYPES_H -DHAVE_SYS_UTIME_H -DHAVE_ASSERT_H -DHAVE_ERRNO_H -DHAVE_FCNTL_H -DHAVE_IO_H -DHAVE_LOCALE_H -DHAVE_SETJMP_H -DHAVE_SIGNAL_H -DHAVE_STDBOOL_H -DHAVE_STDIO_H -DHAVE_STDLIB_H -DHAVE_STRING_H -DHAVE_TIME_H -DHAVE_PROCESS_H -DHAVE_STDDEF_H -DHAVE_MALLOC_H -DHAVE_MEMORY_H -g -Xclang -gcodeview -O0 -D_DEBUG -D_DLL -D_MT -Xclang --dependent-lib=msvcrtd -MD -MT CMakeFiles/cmTC_6cd2d.dir/CurlTests.c.obj -MF CMakeFiles\cmTC_6cd2d.dir\CurlTests.c.obj.d -o CMakeFiles/cmTC_6cd2d.dir/CurlTests.c.obj -c D:/Github/StonksBot/build/_deps/curl-src/CMake/CurlTests.c
D:/Github/StonksBot/build/_deps/curl-src/CMake/CurlTests.c:44:10: fatal error: 'unistd.h' file not found
#include <unistd.h>
         ^~~~~~~~~~
1 error generated.
ninja: build stopped: subcommand failed.


Performing Curl Test HAVE_IOCTLSOCKET_CAMEL failed with the following output:
Change Dir: D:/Github/StonksBot/build/CMakeFiles/CMakeTmp

Run Build Command(s):D:/Github/CykaBlyat-Tools/mingw64/bin/ninja.exe cmTC_2f9b4 && [1/2] Building C object CMakeFiles/cmTC_2f9b4.dir/CurlTests.c.obj
D:/Github/StonksBot/build/_deps/curl-src/CMake/CurlTests.c:354:13: warning: implicit declaration of function 'IoctlSocket' is invalid in C99 [-Wimplicit-function-declaration]
    if(0 != IoctlSocket(0, 0, 0))
            ^
1 warning generated.
[2/2] Linking C executable cmTC_2f9b4.exe
FAILED: cmTC_2f9b4.exe 
cmd.exe /C "cd . && "D:\Microsoft Visual Studio\2019\Community\VC\Tools\Llvm\x64\bin\clang.exe" -fuse-ld=lld-link -nostartfiles -nostdlib -DHAVE_IOCTLSOCKET_CAMEL  -DHAVE_WINDOWS_H -DHAVE_WINSOCK_H -DHAVE_WS2TCPIP_H -DHAVE_WINSOCK2_H -DHAVE_STDIO_H -DHAVE_SYS_STAT_H -DHAVE_SYS_TYPES_H -DHAVE_SYS_UTIME_H -DHAVE_ASSERT_H -DHAVE_ERRNO_H -DHAVE_FCNTL_H -DHAVE_IO_H -DHAVE_LOCALE_H -DHAVE_SETJMP_H -DHAVE_SIGNAL_H -DHAVE_STDBOOL_H -DHAVE_STDIO_H -DHAVE_STDLIB_H -DHAVE_STRING_H -DHAVE_TIME_H -DHAVE_PROCESS_H -DHAVE_STDDEF_H -DHAVE_MALLOC_H -DHAVE_MEMORY_H -g -Xclang -gcodeview -O0 -D_DEBUG -D_DLL -D_MT -Xclang --dependent-lib=msvcrtd -static-libgcc -static-libstdc++   -Xlinker /subsystem:console CMakeFiles/cmTC_2f9b4.dir/CurlTests.c.obj -o cmTC_2f9b4.exe -Xlinker /implib:cmTC_2f9b4.lib -Xlinker /pdb:cmTC_2f9b4.pdb -Xlinker /version:0.0   -lws2_32.lib  -lkernel32 -luser32 -lgdi32 -lwinspool -lshell32 -lole32 -loleaut32 -luuid -lcomdlg32 -ladvapi32 -loldnames && cd ."
clang: warning: argument unused during compilation: '-static-libgcc' [-Wunused-command-line-argument]
clang: warning: argument unused during compilation: '-static-libstdc++' [-Wunused-command-line-argument]
lld-link: error: undefined symbol: IoctlSocket
>>> referenced by D:\Github\StonksBot\build\_deps\curl-src\CMake\CurlTests.c:354
>>>               CMakeFiles/cmTC_2f9b4.dir/CurlTests.c.obj:(main)
clang: error: linker command failed with exit code 1 (use -v to see invocation)
ninja: build stopped: subcommand failed.


Performing Curl Test HAVE_IOCTL_FIONBIO failed with the following output:
Change Dir: D:/Github/StonksBot/build/CMakeFiles/CMakeTmp

Run Build Command(s):D:/Github/CykaBlyat-Tools/mingw64/bin/ninja.exe cmTC_2fb2b && [1/2] Building C object CMakeFiles/cmTC_2fb2b.dir/CurlTests.c.obj
FAILED: CMakeFiles/cmTC_2fb2b.dir/CurlTests.c.obj 
"D:\Microsoft Visual Studio\2019\Community\VC\Tools\Llvm\x64\bin\clang.exe"   -DHAVE_IOCTL_FIONBIO  -DHAVE_WINDOWS_H -DHAVE_WINSOCK_H -DHAVE_WS2TCPIP_H -DHAVE_WINSOCK2_H -DHAVE_STDIO_H -DHAVE_SYS_STAT_H -DHAVE_SYS_TYPES_H -DHAVE_SYS_UTIME_H -DHAVE_ASSERT_H -DHAVE_ERRNO_H -DHAVE_FCNTL_H -DHAVE_IO_H -DHAVE_LOCALE_H -DHAVE_SETJMP_H -DHAVE_SIGNAL_H -DHAVE_STDBOOL_H -DHAVE_STDIO_H -DHAVE_STDLIB_H -DHAVE_STRING_H -DHAVE_TIME_H -DHAVE_PROCESS_H -DHAVE_STDDEF_H -DHAVE_MALLOC_H -DHAVE_MEMORY_H -g -Xclang -gcodeview -O0 -D_DEBUG -D_DLL -D_MT -Xclang --dependent-lib=msvcrtd -MD -MT CMakeFiles/cmTC_2fb2b.dir/CurlTests.c.obj -MF CMakeFiles\cmTC_2fb2b.dir\CurlTests.c.obj.d -o CMakeFiles/cmTC_2fb2b.dir/CurlTests.c.obj -c D:/Github/StonksBot/build/_deps/curl-src/CMake/CurlTests.c
D:/Github/StonksBot/build/_deps/curl-src/CMake/CurlTests.c:440:17: warning: implicit declaration of function 'ioctl' is invalid in C99 [-Wimplicit-function-declaration]
        if(0 != ioctl(0, FIONBIO, &flags))
                ^
D:/Github/StonksBot/build/_deps/curl-src/CMake/CurlTests.c:440:26: error: use of undeclared identifier 'FIONBIO'
        if(0 != ioctl(0, FIONBIO, &flags))
                         ^
1 warning and 1 error generated.
ninja: build stopped: subcommand failed.


Performing Curl Test HAVE_IOCTL_SIOCGIFADDR failed with the following output:
Change Dir: D:/Github/StonksBot/build/CMakeFiles/CMakeTmp

Run Build Command(s):D:/Github/CykaBlyat-Tools/mingw64/bin/ninja.exe cmTC_fc962 && [1/2] Building C object CMakeFiles/cmTC_fc962.dir/CurlTests.c.obj
FAILED: CMakeFiles/cmTC_fc962.dir/CurlTests.c.obj 
"D:\Microsoft Visual Studio\2019\Community\VC\Tools\Llvm\x64\bin\clang.exe"   -DHAVE_IOCTL_SIOCGIFADDR  -DHAVE_WINDOWS_H -DHAVE_WINSOCK_H -DHAVE_WS2TCPIP_H -DHAVE_WINSOCK2_H -DHAVE_STDIO_H -DHAVE_SYS_STAT_H -DHAVE_SYS_TYPES_H -DHAVE_SYS_UTIME_H -DHAVE_ASSERT_H -DHAVE_ERRNO_H -DHAVE_FCNTL_H -DHAVE_IO_H -DHAVE_LOCALE_H -DHAVE_SETJMP_H -DHAVE_SIGNAL_H -DHAVE_STDBOOL_H -DHAVE_STDIO_H -DHAVE_STDLIB_H -DHAVE_STRING_H -DHAVE_TIME_H -DHAVE_PROCESS_H -DHAVE_STDDEF_H -DHAVE_MALLOC_H -DHAVE_MEMORY_H -g -Xclang -gcodeview -O0 -D_DEBUG -D_DLL -D_MT -Xclang --dependent-lib=msvcrtd -MD -MT CMakeFiles/cmTC_fc962.dir/CurlTests.c.obj -MF CMakeFiles\cmTC_fc962.dir\CurlTests.c.obj.d -o CMakeFiles/cmTC_fc962.dir/CurlTests.c.obj -c D:/Github/StonksBot/build/_deps/curl-src/CMake/CurlTests.c
D:/Github/StonksBot/build/_deps/curl-src/CMake/CurlTests.c:465:10: fatal error: 'net/if.h' file not found
#include <net/if.h>
         ^~~~~~~~~~
1 error generated.
ninja: build stopped: subcommand failed.


Performing Curl Test HAVE_SETSOCKOPT_SO_NONBLOCK failed with the following output:
Change Dir: D:/Github/StonksBot/build/CMakeFiles/CMakeTmp

Run Build Command(s):D:/Github/CykaBlyat-Tools/mingw64/bin/ninja.exe cmTC_de8f6 && [1/2] Building C object CMakeFiles/cmTC_de8f6.dir/CurlTests.c.obj
FAILED: CMakeFiles/cmTC_de8f6.dir/CurlTests.c.obj 
"D:\Microsoft Visual Studio\2019\Community\VC\Tools\Llvm\x64\bin\clang.exe"   -DHAVE_SETSOCKOPT_SO_NONBLOCK  -DHAVE_WINDOWS_H -DHAVE_WINSOCK_H -DHAVE_WS2TCPIP_H -DHAVE_WINSOCK2_H -DHAVE_STDIO_H -DHAVE_SYS_STAT_H -DHAVE_SYS_TYPES_H -DHAVE_SYS_UTIME_H -DHAVE_ASSERT_H -DHAVE_ERRNO_H -DHAVE_FCNTL_H -DHAVE_IO_H -DHAVE_LOCALE_H -DHAVE_SETJMP_H -DHAVE_SIGNAL_H -DHAVE_STDBOOL_H -DHAVE_STDIO_H -DHAVE_STDLIB_H -DHAVE_STRING_H -DHAVE_TIME_H -DHAVE_PROCESS_H -DHAVE_STDDEF_H -DHAVE_MALLOC_H -DHAVE_MEMORY_H -g -Xclang -gcodeview -O0 -D_DEBUG -D_DLL -D_MT -Xclang --dependent-lib=msvcrtd -MD -MT CMakeFiles/cmTC_de8f6.dir/CurlTests.c.obj -MF CMakeFiles\cmTC_de8f6.dir\CurlTests.c.obj.d -o CMakeFiles/cmTC_de8f6.dir/CurlTests.c.obj -c D:/Github/StonksBot/build/_deps/curl-src/CMake/CurlTests.c
D:/Github/StonksBot/build/_deps/curl-src/CMake/CurlTests.c:505:43: error: use of undeclared identifier 'SO_NONBLOCK'
        if(0 != setsockopt(0, SOL_SOCKET, SO_NONBLOCK, 0, 0))
                                          ^
1 error generated.
ninja: build stopped: subcommand failed.


Performing Curl Test HAVE_SOCKADDR_IN6_SIN6_SCOPE_ID failed with the following output:
Change Dir: D:/Github/StonksBot/build/CMakeFiles/CMakeTmp

Run Build Command(s):D:/Github/CykaBlyat-Tools/mingw64/bin/ninja.exe cmTC_b6f9f && [1/2] Building C object CMakeFiles/cmTC_b6f9f.dir/CurlTests.c.obj
[2/2] Linking C executable cmTC_b6f9f.exe
FAILED: cmTC_b6f9f.exe 
cmd.exe /C "cd . && "D:\Microsoft Visual Studio\2019\Community\VC\Tools\Llvm\x64\bin\clang.exe" -fuse-ld=lld-link -nostartfiles -nostdlib -DHAVE_SOCKADDR_IN6_SIN6_SCOPE_ID  -DHAVE_WINDOWS_H -DHAVE_WINSOCK_H -DHAVE_WS2TCPIP_H -DHAVE_WINSOCK2_H -DHAVE_STDIO_H -DHAVE_SYS_STAT_H -DHAVE_SYS_TYPES_H -DHAVE_SYS_UTIME_H -DHAVE_ASSERT_H -DHAVE_ERRNO_H -DHAVE_FCNTL_H -DHAVE_IO_H -DHAVE_LOCALE_H -DHAVE_SETJMP_H -DHAVE_SIGNAL_H -DHAVE_STDBOOL_H -DHAVE_STDIO_H -DHAVE_STDLIB_H -DHAVE_STRING_H -DHAVE_TIME_H -DHAVE_PROCESS_H -DHAVE_STDDEF_H -DHAVE_MALLOC_H -DHAVE_MEMORY_H -g -Xclang -gcodeview -O0 -D_DEBUG -D_DLL -D_MT -Xclang --dependent-lib=msvcrtd -static-libgcc -static-libstdc++   -Xlinker /subsystem:console CMakeFiles/cmTC_b6f9f.dir/CurlTests.c.obj -o cmTC_b6f9f.exe -Xlinker /implib:cmTC_b6f9f.lib -Xlinker /pdb:cmTC_b6f9f.pdb -Xlinker /version:0.0   -lws2_32.lib  -lkernel32 -luser32 -lgdi32 -lwinspool -lshell32 -lole32 -loleaut32 -luuid -lcomdlg32 -ladvapi32 -loldnames && cd ."
clang: warning: argument unused during compilation: '-static-libgcc' [-Wunused-command-line-argument]
clang: warning: argument unused during compilation: '-static-libstdc++' [-Wunused-command-line-argument]
lld-link: error: undefined symbol: main
>>> referenced by d:\agent\_work\4\s\src\vctools\crt\vcstartup\src\startup\exe_common.inl:78
>>>               msvcrtd.lib(exe_main.obj):(int __cdecl invoke_main(void))
clang: error: linker command failed with exit code 1 (use -v to see invocation)
ninja: build stopped: subcommand failed.


Performing Curl Test HAVE_FILE_OFFSET_BITS failed with the following output:
Change Dir: D:/Github/StonksBot/build/CMakeFiles/CMakeTmp

Run Build Command(s):D:/Github/CykaBlyat-Tools/mingw64/bin/ninja.exe cmTC_bf0cb && [1/2] Building C object CMakeFiles/cmTC_bf0cb.dir/CurlTests.c.obj
FAILED: CMakeFiles/cmTC_bf0cb.dir/CurlTests.c.obj 
"D:\Microsoft Visual Studio\2019\Community\VC\Tools\Llvm\x64\bin\clang.exe"   -DHAVE_FILE_OFFSET_BITS  -DHAVE_WINDOWS_H -DHAVE_WINSOCK_H -DHAVE_WS2TCPIP_H -DHAVE_WINSOCK2_H -DHAVE_STDIO_H -DHAVE_SYS_STAT_H -DHAVE_SYS_TYPES_H -DHAVE_SYS_UTIME_H -DHAVE_ASSERT_H -DHAVE_ERRNO_H -DHAVE_FCNTL_H -DHAVE_IO_H -DHAVE_LOCALE_H -DHAVE_SETJMP_H -DHAVE_SIGNAL_H -DHAVE_STDBOOL_H -DHAVE_STDIO_H -DHAVE_STDLIB_H -DHAVE_STRING_H -DHAVE_TIME_H -DHAVE_PROCESS_H -DHAVE_STDDEF_H -DHAVE_MALLOC_H -DHAVE_MEMORY_H -g -Xclang -gcodeview -O0 -D_DEBUG -D_DLL -D_MT -Xclang --dependent-lib=msvcrtd -MD -MT CMakeFiles/cmTC_bf0cb.dir/CurlTests.c.obj -MF CMakeFiles\cmTC_bf0cb.dir\CurlTests.c.obj.d -o CMakeFiles/cmTC_bf0cb.dir/CurlTests.c.obj -c D:/Github/StonksBot/build/_deps/curl-src/CMake/CurlTests.c
D:/Github/StonksBot/build/_deps/curl-src/CMake/CurlTests.c:299:23: warning: overflow in expression; result is 2147483647 with type 'long' [-Winteger-overflow]
  int off_t_is_large[(LARGE_OFF_T % 2147483629 == 721
                      ^
D:/Github/StonksBot/build/_deps/curl-src/CMake/CurlTests.c:298:40: note: expanded from macro 'LARGE_OFF_T'
#define LARGE_OFF_T (((off_t) 1 << 62) - 1 + ((off_t) 1 << 62))
                                       ^
D:/Github/StonksBot/build/_deps/curl-src/CMake/CurlTests.c:299:22: error: 'off_t_is_large' declared as an array with a negative size
  int off_t_is_large[(LARGE_OFF_T % 2147483629 == 721
                     ^~~~~~~~~~~~~~~~~~~~~~~~~~~~~~~~
1 warning and 1 error generated.
ninja: build stopped: subcommand failed.


Performing Curl Test HAVE_GLIBC_STRERROR_R failed with the following output:
Change Dir: D:/Github/StonksBot/build/CMakeFiles/CMakeTmp

Run Build Command(s):D:/Github/CykaBlyat-Tools/mingw64/bin/ninja.exe cmTC_2fee6 && [1/2] Building C object CMakeFiles/cmTC_2fee6.dir/CurlTests.c.obj
FAILED: CMakeFiles/cmTC_2fee6.dir/CurlTests.c.obj 
"D:\Microsoft Visual Studio\2019\Community\VC\Tools\Llvm\x64\bin\clang.exe"   -DHAVE_GLIBC_STRERROR_R  -DHAVE_WINDOWS_H -DHAVE_WINSOCK_H -DHAVE_WS2TCPIP_H -DHAVE_WINSOCK2_H -DHAVE_STDIO_H -DHAVE_SYS_STAT_H -DHAVE_SYS_TYPES_H -DHAVE_SYS_UTIME_H -DHAVE_ASSERT_H -DHAVE_ERRNO_H -DHAVE_FCNTL_H -DHAVE_IO_H -DHAVE_LOCALE_H -DHAVE_SETJMP_H -DHAVE_SIGNAL_H -DHAVE_STDBOOL_H -DHAVE_STDIO_H -DHAVE_STDLIB_H -DHAVE_STRING_H -DHAVE_TIME_H -DHAVE_PROCESS_H -DHAVE_STDDEF_H -DHAVE_MALLOC_H -DHAVE_MEMORY_H -g -Xclang -gcodeview -O0 -D_DEBUG -D_DLL -D_MT -Xclang --dependent-lib=msvcrtd -MD -MT CMakeFiles/cmTC_2fee6.dir/CurlTests.c.obj -MF CMakeFiles\cmTC_2fee6.dir\CurlTests.c.obj.d -o CMakeFiles/cmTC_2fee6.dir/CurlTests.c.obj -c D:/Github/StonksBot/build/_deps/curl-src/CMake/CurlTests.c
D:/Github/StonksBot/build/_deps/curl-src/CMake/CurlTests.c:521:9: warning: implicit declaration of function 'strerror_r' is invalid in C99 [-Wimplicit-function-declaration]
  check(strerror_r(EACCES, buffer, sizeof(buffer))[0]);
        ^
D:/Github/StonksBot/build/_deps/curl-src/CMake/CurlTests.c:521:51: error: subscripted value is not an array, pointer, or vector
  check(strerror_r(EACCES, buffer, sizeof(buffer))[0]);
        ~~~~~~~~~~~~~~~~~~~~~~~~~~~~~~~~~~~~~~~~~~^~
1 warning and 1 error generated.
ninja: build stopped: subcommand failed.


Performing Curl Test HAVE_POSIX_STRERROR_R failed with the following output:
Change Dir: D:/Github/StonksBot/build/CMakeFiles/CMakeTmp

Run Build Command(s):D:/Github/CykaBlyat-Tools/mingw64/bin/ninja.exe cmTC_5011f && [1/2] Building C object CMakeFiles/cmTC_5011f.dir/CurlTests.c.obj
D:/Github/StonksBot/build/_deps/curl-src/CMake/CurlTests.c:536:9: warning: implicit declaration of function 'strerror_r' is invalid in C99 [-Wimplicit-function-declaration]
  check(strerror_r(EACCES, buffer, sizeof(buffer)));
        ^
1 warning generated.
[2/2] Linking C executable cmTC_5011f.exe
FAILED: cmTC_5011f.exe 
cmd.exe /C "cd . && "D:\Microsoft Visual Studio\2019\Community\VC\Tools\Llvm\x64\bin\clang.exe" -fuse-ld=lld-link -nostartfiles -nostdlib -DHAVE_POSIX_STRERROR_R  -DHAVE_WINDOWS_H -DHAVE_WINSOCK_H -DHAVE_WS2TCPIP_H -DHAVE_WINSOCK2_H -DHAVE_STDIO_H -DHAVE_SYS_STAT_H -DHAVE_SYS_TYPES_H -DHAVE_SYS_UTIME_H -DHAVE_ASSERT_H -DHAVE_ERRNO_H -DHAVE_FCNTL_H -DHAVE_IO_H -DHAVE_LOCALE_H -DHAVE_SETJMP_H -DHAVE_SIGNAL_H -DHAVE_STDBOOL_H -DHAVE_STDIO_H -DHAVE_STDLIB_H -DHAVE_STRING_H -DHAVE_TIME_H -DHAVE_PROCESS_H -DHAVE_STDDEF_H -DHAVE_MALLOC_H -DHAVE_MEMORY_H -g -Xclang -gcodeview -O0 -D_DEBUG -D_DLL -D_MT -Xclang --dependent-lib=msvcrtd -static-libgcc -static-libstdc++   -Xlinker /subsystem:console CMakeFiles/cmTC_5011f.dir/CurlTests.c.obj -o cmTC_5011f.exe -Xlinker /implib:cmTC_5011f.lib -Xlinker /pdb:cmTC_5011f.pdb -Xlinker /version:0.0   -lws2_32.lib  -lkernel32 -luser32 -lgdi32 -lwinspool -lshell32 -lole32 -loleaut32 -luuid -lcomdlg32 -ladvapi32 -loldnames && cd ."
clang: warning: argument unused during compilation: '-static-libgcc' [-Wunused-command-line-argument]
clang: warning: argument unused during compilation: '-static-libstdc++' [-Wunused-command-line-argument]
lld-link: error: undefined symbol: strerror_r
>>> referenced by D:\Github\StonksBot\build\_deps\curl-src\CMake\CurlTests.c:536
>>>               CMakeFiles/cmTC_5011f.dir/CurlTests.c.obj:(main)
clang: error: linker command failed with exit code 1 (use -v to see invocation)
ninja: build stopped: subcommand failed.


Performing Curl Test HAVE_CLOCK_GETTIME_MONOTONIC failed with the following output:
Change Dir: D:/Github/StonksBot/build/CMakeFiles/CMakeTmp

Run Build Command(s):D:/Github/CykaBlyat-Tools/mingw64/bin/ninja.exe cmTC_a372f && [1/2] Building C object CMakeFiles/cmTC_a372f.dir/CurlTests.c.obj
FAILED: CMakeFiles/cmTC_a372f.dir/CurlTests.c.obj 
"D:\Microsoft Visual Studio\2019\Community\VC\Tools\Llvm\x64\bin\clang.exe"   -DHAVE_CLOCK_GETTIME_MONOTONIC  -DHAVE_WINDOWS_H -DHAVE_WINSOCK_H -DHAVE_WS2TCPIP_H -DHAVE_WINSOCK2_H -DHAVE_STDIO_H -DHAVE_SYS_STAT_H -DHAVE_SYS_TYPES_H -DHAVE_SYS_UTIME_H -DHAVE_ASSERT_H -DHAVE_ERRNO_H -DHAVE_FCNTL_H -DHAVE_IO_H -DHAVE_LOCALE_H -DHAVE_SETJMP_H -DHAVE_SIGNAL_H -DHAVE_STDBOOL_H -DHAVE_STDIO_H -DHAVE_STDLIB_H -DHAVE_STRING_H -DHAVE_TIME_H -DHAVE_PROCESS_H -DHAVE_STDDEF_H -DHAVE_MALLOC_H -DHAVE_MEMORY_H -g -Xclang -gcodeview -O0 -D_DEBUG -D_DLL -D_MT -Xclang --dependent-lib=msvcrtd -MD -MT CMakeFiles/cmTC_a372f.dir/CurlTests.c.obj -MF CMakeFiles\cmTC_a372f.dir\CurlTests.c.obj.d -o CMakeFiles/cmTC_a372f.dir/CurlTests.c.obj -c D:/Github/StonksBot/build/_deps/curl-src/CMake/CurlTests.c
D:/Github/StonksBot/build/_deps/curl-src/CMake/CurlTests.c:561:3: warning: implicit declaration of function 'clock_gettime' is invalid in C99 [-Wimplicit-function-declaration]
  clock_gettime(CLOCK_MONOTONIC, &ts);
  ^
D:/Github/StonksBot/build/_deps/curl-src/CMake/CurlTests.c:561:17: error: use of undeclared identifier 'CLOCK_MONOTONIC'
  clock_gettime(CLOCK_MONOTONIC, &ts);
                ^
1 warning and 1 error generated.
ninja: build stopped: subcommand failed.


Performing C SOURCE FILE Test HAVE_MSG_NOSIGNAL failed with the following output:
Change Dir: D:/Github/StonksBot/build/CMakeFiles/CMakeTmp

Run Build Command(s):D:/Github/CykaBlyat-Tools/mingw64/bin/ninja.exe cmTC_9718a && [1/2] Building C object CMakeFiles/cmTC_9718a.dir/src.c.obj
FAILED: CMakeFiles/cmTC_9718a.dir/src.c.obj 
"D:\Microsoft Visual Studio\2019\Community\VC\Tools\Llvm\x64\bin\clang.exe" -DHAVE_MSG_NOSIGNAL -ID:/Github/StonksBot/build/_deps/curl-src/include -g -Xclang -gcodeview -O0 -D_DEBUG -D_DLL -D_MT -Xclang --dependent-lib=msvcrtd    -D_WINSOCKAPI_= -DSECURITY_WIN32 -MD -MT CMakeFiles/cmTC_9718a.dir/src.c.obj -MF CMakeFiles\cmTC_9718a.dir\src.c.obj.d -o CMakeFiles/cmTC_9718a.dir/src.c.obj -c src.c
src.c:9:16: error: use of undeclared identifier 'MSG_NOSIGNAL'
    int flag = MSG_NOSIGNAL;
               ^
1 error generated.
ninja: build stopped: subcommand failed.


Source file was:
#undef inline
#include <winsock2.h>
#include <windows.h>
#include <winsock.h>
#ifndef WIN32_LEAN_AND_MEAN
#define WIN32_LEAN_AND_MEAN
#endif
  int main(void) {
    int flag = MSG_NOSIGNAL;
    (void)flag;
    return 0;
  }
Performing C SOURCE FILE Test HAVE_POLL_FINE failed with the following compile output:
Change Dir: D:/Github/StonksBot/build/CMakeFiles/CMakeTmp

Run Build Command(s):D:/Github/CykaBlyat-Tools/mingw64/bin/ninja.exe cmTC_f84a3 && [1/2] Building C object CMakeFiles/cmTC_f84a3.dir/src.c.obj
FAILED: CMakeFiles/cmTC_f84a3.dir/src.c.obj 
"D:\Microsoft Visual Studio\2019\Community\VC\Tools\Llvm\x64\bin\clang.exe" -DHAVE_POLL_FINE -ID:/Github/StonksBot/build/_deps/curl-src/include -g -Xclang -gcodeview -O0 -D_DEBUG -D_DLL -D_MT -Xclang --dependent-lib=msvcrtd    -D_WINSOCKAPI_= -DSECURITY_WIN32 -MD -MT CMakeFiles/cmTC_f84a3.dir/src.c.obj -MF CMakeFiles\cmTC_f84a3.dir\src.c.obj.d -o CMakeFiles/cmTC_f84a3.dir/src.c.obj -c src.c
src.c:3:14: fatal error: 'sys/time.h' file not found
    #include <sys/time.h>
             ^~~~~~~~~~~~
1 error generated.
ninja: build stopped: subcommand failed.


...and run output:

Return value: 1
Source file was:

    #include <stdlib.h>
    #include <sys/time.h>

    #ifdef HAVE_SYS_POLL_H
    #  include <sys/poll.h>
    #elif  HAVE_POLL_H
    #  include <poll.h>
    #endif

    int main(void)
    {
        if(0 != poll(0, 0, 10)) {
          return 1; /* fail */
        }
        else {
          /* detect the 10.12 poll() breakage */
          struct timeval before, after;
          int rc;
          size_t us;

          gettimeofday(&before, NULL);
          rc = poll(NULL, 0, 500);
          gettimeofday(&after, NULL);

          us = (after.tv_sec - before.tv_sec) * 1000000 +
            (after.tv_usec - before.tv_usec);

          if(us < 400000) {
            return 1;
          }
        }
        return 0;
    }
